The system is: CYGWIN - 3.0.7(0.338/5/3) - x86_64
Compiling the C compiler identification source file "CMakeCCompilerId.c" succeeded.
Compiler: /cygdrive/d/Programming/Cygwin/bin/cc 
Build flags: 
Id flags:  

The output was:
0


Compilation of the C compiler identification source "CMakeCCompilerId.c" produced "a.exe"

The C compiler identification is GNU, found in "/cygdrive/d/Programming/Clion_projects/antwars/cmake-build-debug/CMakeFiles/3.14.3/CompilerIdC/a.exe"

Compiling the CXX compiler identification source file "CMakeCXXCompilerId.cpp" succeeded.
Compiler: /cygdrive/d/Programming/Cygwin/bin/c++.exe 
Build flags: 
Id flags:  

The output was:
0


Compilation of the CXX compiler identification source "CMakeCXXCompilerId.cpp" produced "a.exe"

The CXX compiler identification is GNU, found in "/cygdrive/d/Programming/Clion_projects/antwars/cmake-build-debug/CMakeFiles/3.14.3/CompilerIdCXX/a.exe"

Determining if the C compiler works passed with the following output:
Change Dir: /cygdrive/d/Programming/Clion_projects/antwars/cmake-build-debug/CMakeFiles/CMakeTmp

Run Build Command(s):/cygdrive/d/Programming/Cygwin/bin/make.exe cmTC_494e6/fast 
/cygdrive/d/Programming/Cygwin/bin/make -f CMakeFiles/cmTC_494e6.dir/build.make CMakeFiles/cmTC_494e6.dir/build
make[1]: Entering directory '/cygdrive/d/Programming/Clion_projects/antwars/cmake-build-debug/CMakeFiles/CMakeTmp'
Building C object CMakeFiles/cmTC_494e6.dir/testCCompiler.c.o
/cygdrive/d/Programming/Cygwin/bin/cc    -o CMakeFiles/cmTC_494e6.dir/testCCompiler.c.o   -c /cygdrive/d/Programming/Clion_projects/antwars/cmake-build-debug/CMakeFiles/CMakeTmp/testCCompiler.c
Linking C executable cmTC_494e6.exe
/cygdrive/c/Users/matej/.CLion2019.1/system/cygwin_cmake/bin/cmake.exe -E cmake_link_script CMakeFiles/cmTC_494e6.dir/link.txt --verbose=1
/cygdrive/d/Programming/Cygwin/bin/cc    -Wl,--enable-auto-import  CMakeFiles/cmTC_494e6.dir/testCCompiler.c.o  -o cmTC_494e6.exe -Wl,--out-implib,libcmTC_494e6.dll.a -Wl,--major-image-version,0,--minor-image-version,0 
make[1]: Leaving directory '/cygdrive/d/Programming/Clion_projects/antwars/cmake-build-debug/CMakeFiles/CMakeTmp'


Detecting C compiler ABI info compiled with the following output:
Change Dir: /cygdrive/d/Programming/Clion_projects/antwars/cmake-build-debug/CMakeFiles/CMakeTmp

Run Build Command(s):/cygdrive/d/Programming/Cygwin/bin/make.exe cmTC_f08dd/fast 
/cygdrive/d/Programming/Cygwin/bin/make -f CMakeFiles/cmTC_f08dd.dir/build.make CMakeFiles/cmTC_f08dd.dir/build
make[1]: Entering directory '/cygdrive/d/Programming/Clion_projects/antwars/cmake-build-debug/CMakeFiles/CMakeTmp'
Building C object CMakeFiles/cmTC_f08dd.dir/CMakeCCompilerABI.c.o
/cygdrive/d/Programming/Cygwin/bin/cc   -v -o CMakeFiles/cmTC_f08dd.dir/CMakeCCompilerABI.c.o   -c /cygdrive/c/Users/matej/.CLion2019.1/system/cygwin_cmake/share/cmake-3.14.3/Modules/CMakeCCompilerABI.c
Using built-in specs.
COLLECT_GCC=/cygdrive/d/Programming/Cygwin/bin/cc
Target: x86_64-pc-cygwin
Configured with: /cygdrive/i/szsz/tmpp/gcc/gcc-7.4.0-1.x86_64/src/gcc-7.4.0/configure --srcdir=/cygdrive/i/szsz/tmpp/gcc/gcc-7.4.0-1.x86_64/src/gcc-7.4.0 --prefix=/usr --exec-prefix=/usr --localstatedir=/var --sysconfdir=/etc --docdir=/usr/share/doc/gcc --htmldir=/usr/share/doc/gcc/html -C --build=x86_64-pc-cygwin --host=x86_64-pc-cygwin --target=x86_64-pc-cygwin --without-libiconv-prefix --without-libintl-prefix --libexecdir=/usr/lib --enable-shared --enable-shared-libgcc --enable-static --enable-version-specific-runtime-libs --enable-bootstrap --enable-__cxa_atexit --with-dwarf2 --with-tune=generic --enable-languages=ada,c,c++,fortran,lto,objc,obj-c++ --enable-graphite --enable-threads=posix --enable-libatomic --enable-libcilkrts --enable-libgomp --enable-libitm --enable-libquadmath --enable-libquadmath-support --disable-libssp --enable-libada --disable-symvers --with-gnu-ld --with-gnu-as --with-cloog-include=/usr/include/cloog-isl --without-libiconv-prefix --without-libintl-prefix --with-system-zlib --enable-linker-build-id --with-default-libstdcxx-abi=gcc4-compatible --enable-libstdcxx-filesystem-ts
Thread model: posix
gcc version 7.4.0 (GCC) 
COLLECT_GCC_OPTIONS='-v' '-o' 'CMakeFiles/cmTC_f08dd.dir/CMakeCCompilerABI.c.o' '-c' '-mtune=generic' '-march=x86-64'
 /cygdrive/d/Programming/Cygwin/bin/../lib/gcc/x86_64-pc-cygwin/7.4.0/cc1.exe -quiet -v -iprefix /cygdrive/d/Programming/Cygwin/bin/../lib/gcc/x86_64-pc-cygwin/7.4.0/ -idirafter /usr/lib/../lib/../include/w32api -idirafter ../../include/w32api /cygdrive/c/Users/matej/.CLion2019.1/system/cygwin_cmake/share/cmake-3.14.3/Modules/CMakeCCompilerABI.c -quiet -dumpbase CMakeCCompilerABI.c -mtune=generic -march=x86-64 -auxbase-strip CMakeFiles/cmTC_f08dd.dir/CMakeCCompilerABI.c.o -version -o /tmp/cc2XrXWk.s
GNU C11 (GCC) version 7.4.0 (x86_64-pc-cygwin)
	compiled by GNU C version 7.4.0, GMP version 6.1.2, MPFR version 4.0.1-p11, MPC version 1.1.0, isl version isl-0.16.1-GMP

warning: MPFR header version 4.0.1-p11 differs from library version 4.0.2.
GGC heuristics: --param ggc-min-expand=100 --param ggc-min-heapsize=131072
ignoring nonexistent directory "/cygdrive/d/Programming/Cygwin/bin/../lib/gcc/x86_64-pc-cygwin/7.4.0/include-fixed"
ignoring nonexistent directory "/cygdrive/d/Programming/Cygwin/bin/../lib/gcc/x86_64-pc-cygwin/7.4.0/../../../../x86_64-pc-cygwin/include"
ignoring duplicate directory "/cygdrive/d/Programming/Cygwin/bin/../lib/gcc/../../lib/gcc/x86_64-pc-cygwin/7.4.0/include"
ignoring nonexistent directory "/usr/local/include"
ignoring nonexistent directory "/cygdrive/d/Programming/Cygwin/bin/../lib/gcc/../../lib/gcc/x86_64-pc-cygwin/7.4.0/include-fixed"
ignoring nonexistent directory "/cygdrive/d/Programming/Cygwin/bin/../lib/gcc/../../lib/gcc/x86_64-pc-cygwin/7.4.0/../../../../x86_64-pc-cygwin/include"
ignoring nonexistent directory "../../include/w32api"
#include "..." search starts here:
#include <...> search starts here:
 /cygdrive/d/Programming/Cygwin/bin/../lib/gcc/x86_64-pc-cygwin/7.4.0/include
 /usr/include
 /usr/lib/../lib/../include/w32api
End of search list.
GNU C11 (GCC) version 7.4.0 (x86_64-pc-cygwin)
	compiled by GNU C version 7.4.0, GMP version 6.1.2, MPFR version 4.0.1-p11, MPC version 1.1.0, isl version isl-0.16.1-GMP

warning: MPFR header version 4.0.1-p11 differs from library version 4.0.2.
GGC heuristics: --param ggc-min-expand=100 --param ggc-min-heapsize=131072
Compiler executable checksum: 270bde28ab2fe879b4f5a4d0227b7e66
COLLECT_GCC_OPTIONS='-v' '-o' 'CMakeFiles/cmTC_f08dd.dir/CMakeCCompilerABI.c.o' '-c' '-mtune=generic' '-march=x86-64'
 as -v -o CMakeFiles/cmTC_f08dd.dir/CMakeCCompilerABI.c.o /tmp/cc2XrXWk.s
GNU assembler version 2.29.1 (x86_64-pc-cygwin) using BFD version (GNU Binutils) 2.29.1.20171006
COMPILER_PATH=/cygdrive/d/Programming/Cygwin/bin/../lib/gcc/x86_64-pc-cygwin/7.4.0/:/cygdrive/d/Programming/Cygwin/bin/../lib/gcc/
LIBRARY_PATH=/cygdrive/d/Programming/Cygwin/bin/../lib/gcc/x86_64-pc-cygwin/7.4.0/:/cygdrive/d/Programming/Cygwin/bin/../lib/gcc/:/cygdrive/d/Programming/Cygwin/bin/../lib/gcc/x86_64-pc-cygwin/7.4.0/../../../../lib/:/lib/../lib/:/usr/lib/../lib/:/cygdrive/d/Programming/Cygwin/bin/../lib/gcc/x86_64-pc-cygwin/7.4.0/../../../:/lib/:/usr/lib/
COLLECT_GCC_OPTIONS='-v' '-o' 'CMakeFiles/cmTC_f08dd.dir/CMakeCCompilerABI.c.o' '-c' '-mtune=generic' '-march=x86-64'
Linking C executable cmTC_f08dd.exe
/cygdrive/c/Users/matej/.CLion2019.1/system/cygwin_cmake/bin/cmake.exe -E cmake_link_script CMakeFiles/cmTC_f08dd.dir/link.txt --verbose=1
/cygdrive/d/Programming/Cygwin/bin/cc    -Wl,--enable-auto-import -v CMakeFiles/cmTC_f08dd.dir/CMakeCCompilerABI.c.o  -o cmTC_f08dd.exe -Wl,--out-implib,libcmTC_f08dd.dll.a -Wl,--major-image-version,0,--minor-image-version,0 
Using built-in specs.
COLLECT_GCC=/cygdrive/d/Programming/Cygwin/bin/cc
COLLECT_LTO_WRAPPER=/cygdrive/d/Programming/Cygwin/bin/../lib/gcc/x86_64-pc-cygwin/7.4.0/lto-wrapper.exe
Target: x86_64-pc-cygwin
Configured with: /cygdrive/i/szsz/tmpp/gcc/gcc-7.4.0-1.x86_64/src/gcc-7.4.0/configure --srcdir=/cygdrive/i/szsz/tmpp/gcc/gcc-7.4.0-1.x86_64/src/gcc-7.4.0 --prefix=/usr --exec-prefix=/usr --localstatedir=/var --sysconfdir=/etc --docdir=/usr/share/doc/gcc --htmldir=/usr/share/doc/gcc/html -C --build=x86_64-pc-cygwin --host=x86_64-pc-cygwin --target=x86_64-pc-cygwin --without-libiconv-prefix --without-libintl-prefix --libexecdir=/usr/lib --enable-shared --enable-shared-libgcc --enable-static --enable-version-specific-runtime-libs --enable-bootstrap --enable-__cxa_atexit --with-dwarf2 --with-tune=generic --enable-languages=ada,c,c++,fortran,lto,objc,obj-c++ --enable-graphite --enable-threads=posix --enable-libatomic --enable-libcilkrts --enable-libgomp --enable-libitm --enable-libquadmath --enable-libquadmath-support --disable-libssp --enable-libada --disable-symvers --with-gnu-ld --with-gnu-as --with-cloog-include=/usr/include/cloog-isl --without-libiconv-prefix --without-libintl-prefix --with-system-zlib --enable-linker-build-id --with-default-libstdcxx-abi=gcc4-compatible --enable-libstdcxx-filesystem-ts
Thread model: posix
gcc version 7.4.0 (GCC) 
COMPILER_PATH=/cygdrive/d/Programming/Cygwin/bin/../lib/gcc/x86_64-pc-cygwin/7.4.0/:/cygdrive/d/Programming/Cygwin/bin/../lib/gcc/
LIBRARY_PATH=/cygdrive/d/Programming/Cygwin/bin/../lib/gcc/x86_64-pc-cygwin/7.4.0/:/cygdrive/d/Programming/Cygwin/bin/../lib/gcc/:/cygdrive/d/Programming/Cygwin/bin/../lib/gcc/x86_64-pc-cygwin/7.4.0/../../../../lib/:/lib/../lib/:/usr/lib/../lib/:/cygdrive/d/Programming/Cygwin/bin/../lib/gcc/x86_64-pc-cygwin/7.4.0/../../../:/lib/:/usr/lib/
COLLECT_GCC_OPTIONS='-v' '-o' 'cmTC_f08dd.exe' '-mtune=generic' '-march=x86-64'
 /cygdrive/d/Programming/Cygwin/bin/../lib/gcc/x86_64-pc-cygwin/7.4.0/collect2.exe -plugin /cygdrive/d/Programming/Cygwin/bin/../lib/gcc/x86_64-pc-cygwin/7.4.0/cyglto_plugin.dll -plugin-opt=/cygdrive/d/Programming/Cygwin/bin/../lib/gcc/x86_64-pc-cygwin/7.4.0/lto-wrapper.exe -plugin-opt=-fresolution=/tmp/ccnQX3gT.res -plugin-opt=-pass-through=-lgcc_s -plugin-opt=-pass-through=-lgcc -plugin-opt=-pass-through=-lcygwin -plugin-opt=-pass-through=-ladvapi32 -plugin-opt=-pass-through=-lshell32 -plugin-opt=-pass-through=-luser32 -plugin-opt=-pass-through=-lkernel32 -plugin-opt=-pass-through=-lgcc_s -plugin-opt=-pass-through=-lgcc --build-id -m i386pep --wrap _Znwm --wrap _Znam --wrap _ZdlPv --wrap _ZdaPv --wrap _ZnwmRKSt9nothrow_t --wrap _ZnamRKSt9nothrow_t --wrap _ZdlPvRKSt9nothrow_t --wrap _ZdaPvRKSt9nothrow_t -Bdynamic --dll-search-prefix=cyg --tsaware -o cmTC_f08dd.exe /cygdrive/d/Programming/Cygwin/bin/../lib/gcc/x86_64-pc-cygwin/7.4.0/../../../../lib/crt0.o /cygdrive/d/Programming/Cygwin/bin/../lib/gcc/x86_64-pc-cygwin/7.4.0/crtbegin.o -L/cygdrive/d/Programming/Cygwin/bin/../lib/gcc/x86_64-pc-cygwin/7.4.0 -L/cygdrive/d/Programming/Cygwin/bin/../lib/gcc -L/cygdrive/d/Programming/Cygwin/bin/../lib/gcc/x86_64-pc-cygwin/7.4.0/../../../../lib -L/lib/../lib -L/usr/lib/../lib -L/cygdrive/d/Programming/Cygwin/bin/../lib/gcc/x86_64-pc-cygwin/7.4.0/../../.. --enable-auto-import CMakeFiles/cmTC_f08dd.dir/CMakeCCompilerABI.c.o --out-implib libcmTC_f08dd.dll.a --major-image-version 0 --minor-image-version 0 -lgcc_s -lgcc -lcygwin -ladvapi32 -lshell32 -luser32 -lkernel32 -lgcc_s -lgcc /cygdrive/d/Programming/Cygwin/bin/../lib/gcc/x86_64-pc-cygwin/7.4.0/../../../../lib/default-manifest.o /cygdrive/d/Programming/Cygwin/bin/../lib/gcc/x86_64-pc-cygwin/7.4.0/crtend.o
COLLECT_GCC_OPTIONS='-v' '-o' 'cmTC_f08dd.exe' '-mtune=generic' '-march=x86-64'
make[1]: Leaving directory '/cygdrive/d/Programming/Clion_projects/antwars/cmake-build-debug/CMakeFiles/CMakeTmp'


Parsed C implicit include dir info from above output: rv=done
  found start of include info
  found start of implicit include info
    add: [/cygdrive/d/Programming/Cygwin/bin/../lib/gcc/x86_64-pc-cygwin/7.4.0/include]
    add: [/usr/include]
    add: [/usr/lib/../lib/../include/w32api]
  end of search list found
  collapse include dir [/cygdrive/d/Programming/Cygwin/bin/../lib/gcc/x86_64-pc-cygwin/7.4.0/include] ==> [/cygdrive/d/Programming/Cygwin/lib/gcc/x86_64-pc-cygwin/7.4.0/include]
  collapse include dir [/usr/include] ==> [/usr/include]
  collapse include dir [/usr/lib/../lib/../include/w32api] ==> [/usr/include/w32api]
  implicit include dirs: [/cygdrive/d/Programming/Cygwin/lib/gcc/x86_64-pc-cygwin/7.4.0/include;/usr/include;/usr/include/w32api]


Parsed C implicit link information from above output:
  link line regex: [^( *|.*[/\])(ld\.exe|CMAKE_LINK_STARTFILE-NOTFOUND|([^/\]+-)?ld|collect2)[^/\]*( |$)]
  ignore line: [Change Dir: /cygdrive/d/Programming/Clion_projects/antwars/cmake-build-debug/CMakeFiles/CMakeTmp]
  ignore line: []
  ignore line: [Run Build Command(s):/cygdrive/d/Programming/Cygwin/bin/make.exe cmTC_f08dd/fast ]
  ignore line: [/cygdrive/d/Programming/Cygwin/bin/make -f CMakeFiles/cmTC_f08dd.dir/build.make CMakeFiles/cmTC_f08dd.dir/build]
  ignore line: [make[1]: Entering directory '/cygdrive/d/Programming/Clion_projects/antwars/cmake-build-debug/CMakeFiles/CMakeTmp']
  ignore line: [Building C object CMakeFiles/cmTC_f08dd.dir/CMakeCCompilerABI.c.o]
  ignore line: [/cygdrive/d/Programming/Cygwin/bin/cc   -v -o CMakeFiles/cmTC_f08dd.dir/CMakeCCompilerABI.c.o   -c /cygdrive/c/Users/matej/.CLion2019.1/system/cygwin_cmake/share/cmake-3.14.3/Modules/CMakeCCompilerABI.c]
  ignore line: [Using built-in specs.]
  ignore line: [COLLECT_GCC=/cygdrive/d/Programming/Cygwin/bin/cc]
  ignore line: [Target: x86_64-pc-cygwin]
  ignore line: [Configured with: /cygdrive/i/szsz/tmpp/gcc/gcc-7.4.0-1.x86_64/src/gcc-7.4.0/configure --srcdir=/cygdrive/i/szsz/tmpp/gcc/gcc-7.4.0-1.x86_64/src/gcc-7.4.0 --prefix=/usr --exec-prefix=/usr --localstatedir=/var --sysconfdir=/etc --docdir=/usr/share/doc/gcc --htmldir=/usr/share/doc/gcc/html -C --build=x86_64-pc-cygwin --host=x86_64-pc-cygwin --target=x86_64-pc-cygwin --without-libiconv-prefix --without-libintl-prefix --libexecdir=/usr/lib --enable-shared --enable-shared-libgcc --enable-static --enable-version-specific-runtime-libs --enable-bootstrap --enable-__cxa_atexit --with-dwarf2 --with-tune=generic --enable-languages=ada,c,c++,fortran,lto,objc,obj-c++ --enable-graphite --enable-threads=posix --enable-libatomic --enable-libcilkrts --enable-libgomp --enable-libitm --enable-libquadmath --enable-libquadmath-support --disable-libssp --enable-libada --disable-symvers --with-gnu-ld --with-gnu-as --with-cloog-include=/usr/include/cloog-isl --without-libiconv-prefix --without-libintl-prefix --with-system-zlib --enable-linker-build-id --with-default-libstdcxx-abi=gcc4-compatible --enable-libstdcxx-filesystem-ts]
  ignore line: [Thread model: posix]
  ignore line: [gcc version 7.4.0 (GCC) ]
  ignore line: [COLLECT_GCC_OPTIONS='-v' '-o' 'CMakeFiles/cmTC_f08dd.dir/CMakeCCompilerABI.c.o' '-c' '-mtune=generic' '-march=x86-64']
  ignore line: [ /cygdrive/d/Programming/Cygwin/bin/../lib/gcc/x86_64-pc-cygwin/7.4.0/cc1.exe -quiet -v -iprefix /cygdrive/d/Programming/Cygwin/bin/../lib/gcc/x86_64-pc-cygwin/7.4.0/ -idirafter /usr/lib/../lib/../include/w32api -idirafter ../../include/w32api /cygdrive/c/Users/matej/.CLion2019.1/system/cygwin_cmake/share/cmake-3.14.3/Modules/CMakeCCompilerABI.c -quiet -dumpbase CMakeCCompilerABI.c -mtune=generic -march=x86-64 -auxbase-strip CMakeFiles/cmTC_f08dd.dir/CMakeCCompilerABI.c.o -version -o /tmp/cc2XrXWk.s]
  ignore line: [GNU C11 (GCC) version 7.4.0 (x86_64-pc-cygwin)]
  ignore line: [	compiled by GNU C version 7.4.0, GMP version 6.1.2, MPFR version 4.0.1-p11, MPC version 1.1.0, isl version isl-0.16.1-GMP]
  ignore line: []
  ignore line: [warning: MPFR header version 4.0.1-p11 differs from library version 4.0.2.]
  ignore line: [GGC heuristics: --param ggc-min-expand=100 --param ggc-min-heapsize=131072]
  ignore line: [ignoring nonexistent directory "/cygdrive/d/Programming/Cygwin/bin/../lib/gcc/x86_64-pc-cygwin/7.4.0/include-fixed"]
  ignore line: [ignoring nonexistent directory "/cygdrive/d/Programming/Cygwin/bin/../lib/gcc/x86_64-pc-cygwin/7.4.0/../../../../x86_64-pc-cygwin/include"]
  ignore line: [ignoring duplicate directory "/cygdrive/d/Programming/Cygwin/bin/../lib/gcc/../../lib/gcc/x86_64-pc-cygwin/7.4.0/include"]
  ignore line: [ignoring nonexistent directory "/usr/local/include"]
  ignore line: [ignoring nonexistent directory "/cygdrive/d/Programming/Cygwin/bin/../lib/gcc/../../lib/gcc/x86_64-pc-cygwin/7.4.0/include-fixed"]
  ignore line: [ignoring nonexistent directory "/cygdrive/d/Programming/Cygwin/bin/../lib/gcc/../../lib/gcc/x86_64-pc-cygwin/7.4.0/../../../../x86_64-pc-cygwin/include"]
  ignore line: [ignoring nonexistent directory "../../include/w32api"]
  ignore line: [#include "..." search starts here:]
  ignore line: [#include <...> search starts here:]
  ignore line: [ /cygdrive/d/Programming/Cygwin/bin/../lib/gcc/x86_64-pc-cygwin/7.4.0/include]
  ignore line: [ /usr/include]
  ignore line: [ /usr/lib/../lib/../include/w32api]
  ignore line: [End of search list.]
  ignore line: [GNU C11 (GCC) version 7.4.0 (x86_64-pc-cygwin)]
  ignore line: [	compiled by GNU C version 7.4.0, GMP version 6.1.2, MPFR version 4.0.1-p11, MPC version 1.1.0, isl version isl-0.16.1-GMP]
  ignore line: []
  ignore line: [warning: MPFR header version 4.0.1-p11 differs from library version 4.0.2.]
  ignore line: [GGC heuristics: --param ggc-min-expand=100 --param ggc-min-heapsize=131072]
  ignore line: [Compiler executable checksum: 270bde28ab2fe879b4f5a4d0227b7e66]
  ignore line: [COLLECT_GCC_OPTIONS='-v' '-o' 'CMakeFiles/cmTC_f08dd.dir/CMakeCCompilerABI.c.o' '-c' '-mtune=generic' '-march=x86-64']
  ignore line: [ as -v -o CMakeFiles/cmTC_f08dd.dir/CMakeCCompilerABI.c.o /tmp/cc2XrXWk.s]
  ignore line: [GNU assembler version 2.29.1 (x86_64-pc-cygwin) using BFD version (GNU Binutils) 2.29.1.20171006]
  ignore line: [COMPILER_PATH=/cygdrive/d/Programming/Cygwin/bin/../lib/gcc/x86_64-pc-cygwin/7.4.0/:/cygdrive/d/Programming/Cygwin/bin/../lib/gcc/]
  ignore line: [LIBRARY_PATH=/cygdrive/d/Programming/Cygwin/bin/../lib/gcc/x86_64-pc-cygwin/7.4.0/:/cygdrive/d/Programming/Cygwin/bin/../lib/gcc/:/cygdrive/d/Programming/Cygwin/bin/../lib/gcc/x86_64-pc-cygwin/7.4.0/../../../../lib/:/lib/../lib/:/usr/lib/../lib/:/cygdrive/d/Programming/Cygwin/bin/../lib/gcc/x86_64-pc-cygwin/7.4.0/../../../:/lib/:/usr/lib/]
  ignore line: [COLLECT_GCC_OPTIONS='-v' '-o' 'CMakeFiles/cmTC_f08dd.dir/CMakeCCompilerABI.c.o' '-c' '-mtune=generic' '-march=x86-64']
  ignore line: [Linking C executable cmTC_f08dd.exe]
  ignore line: [/cygdrive/c/Users/matej/.CLion2019.1/system/cygwin_cmake/bin/cmake.exe -E cmake_link_script CMakeFiles/cmTC_f08dd.dir/link.txt --verbose=1]
  ignore line: [/cygdrive/d/Programming/Cygwin/bin/cc    -Wl,--enable-auto-import -v CMakeFiles/cmTC_f08dd.dir/CMakeCCompilerABI.c.o  -o cmTC_f08dd.exe -Wl,--out-implib,libcmTC_f08dd.dll.a -Wl,--major-image-version,0,--minor-image-version,0 ]
  ignore line: [Using built-in specs.]
  ignore line: [COLLECT_GCC=/cygdrive/d/Programming/Cygwin/bin/cc]
  ignore line: [COLLECT_LTO_WRAPPER=/cygdrive/d/Programming/Cygwin/bin/../lib/gcc/x86_64-pc-cygwin/7.4.0/lto-wrapper.exe]
  ignore line: [Target: x86_64-pc-cygwin]
  ignore line: [Configured with: /cygdrive/i/szsz/tmpp/gcc/gcc-7.4.0-1.x86_64/src/gcc-7.4.0/configure --srcdir=/cygdrive/i/szsz/tmpp/gcc/gcc-7.4.0-1.x86_64/src/gcc-7.4.0 --prefix=/usr --exec-prefix=/usr --localstatedir=/var --sysconfdir=/etc --docdir=/usr/share/doc/gcc --htmldir=/usr/share/doc/gcc/html -C --build=x86_64-pc-cygwin --host=x86_64-pc-cygwin --target=x86_64-pc-cygwin --without-libiconv-prefix --without-libintl-prefix --libexecdir=/usr/lib --enable-shared --enable-shared-libgcc --enable-static --enable-version-specific-runtime-libs --enable-bootstrap --enable-__cxa_atexit --with-dwarf2 --with-tune=generic --enable-languages=ada,c,c++,fortran,lto,objc,obj-c++ --enable-graphite --enable-threads=posix --enable-libatomic --enable-libcilkrts --enable-libgomp --enable-libitm --enable-libquadmath --enable-libquadmath-support --disable-libssp --enable-libada --disable-symvers --with-gnu-ld --with-gnu-as --with-cloog-include=/usr/include/cloog-isl --without-libiconv-prefix --without-libintl-prefix --with-system-zlib --enable-linker-build-id --with-default-libstdcxx-abi=gcc4-compatible --enable-libstdcxx-filesystem-ts]
  ignore line: [Thread model: posix]
  ignore line: [gcc version 7.4.0 (GCC) ]
  ignore line: [COMPILER_PATH=/cygdrive/d/Programming/Cygwin/bin/../lib/gcc/x86_64-pc-cygwin/7.4.0/:/cygdrive/d/Programming/Cygwin/bin/../lib/gcc/]
  ignore line: [LIBRARY_PATH=/cygdrive/d/Programming/Cygwin/bin/../lib/gcc/x86_64-pc-cygwin/7.4.0/:/cygdrive/d/Programming/Cygwin/bin/../lib/gcc/:/cygdrive/d/Programming/Cygwin/bin/../lib/gcc/x86_64-pc-cygwin/7.4.0/../../../../lib/:/lib/../lib/:/usr/lib/../lib/:/cygdrive/d/Programming/Cygwin/bin/../lib/gcc/x86_64-pc-cygwin/7.4.0/../../../:/lib/:/usr/lib/]
  ignore line: [COLLECT_GCC_OPTIONS='-v' '-o' 'cmTC_f08dd.exe' '-mtune=generic' '-march=x86-64']
  link line: [ /cygdrive/d/Programming/Cygwin/bin/../lib/gcc/x86_64-pc-cygwin/7.4.0/collect2.exe -plugin /cygdrive/d/Programming/Cygwin/bin/../lib/gcc/x86_64-pc-cygwin/7.4.0/cyglto_plugin.dll -plugin-opt=/cygdrive/d/Programming/Cygwin/bin/../lib/gcc/x86_64-pc-cygwin/7.4.0/lto-wrapper.exe -plugin-opt=-fresolution=/tmp/ccnQX3gT.res -plugin-opt=-pass-through=-lgcc_s -plugin-opt=-pass-through=-lgcc -plugin-opt=-pass-through=-lcygwin -plugin-opt=-pass-through=-ladvapi32 -plugin-opt=-pass-through=-lshell32 -plugin-opt=-pass-through=-luser32 -plugin-opt=-pass-through=-lkernel32 -plugin-opt=-pass-through=-lgcc_s -plugin-opt=-pass-through=-lgcc --build-id -m i386pep --wrap _Znwm --wrap _Znam --wrap _ZdlPv --wrap _ZdaPv --wrap _ZnwmRKSt9nothrow_t --wrap _ZnamRKSt9nothrow_t --wrap _ZdlPvRKSt9nothrow_t --wrap _ZdaPvRKSt9nothrow_t -Bdynamic --dll-search-prefix=cyg --tsaware -o cmTC_f08dd.exe /cygdrive/d/Programming/Cygwin/bin/../lib/gcc/x86_64-pc-cygwin/7.4.0/../../../../lib/crt0.o /cygdrive/d/Programming/Cygwin/bin/../lib/gcc/x86_64-pc-cygwin/7.4.0/crtbegin.o -L/cygdrive/d/Programming/Cygwin/bin/../lib/gcc/x86_64-pc-cygwin/7.4.0 -L/cygdrive/d/Programming/Cygwin/bin/../lib/gcc -L/cygdrive/d/Programming/Cygwin/bin/../lib/gcc/x86_64-pc-cygwin/7.4.0/../../../../lib -L/lib/../lib -L/usr/lib/../lib -L/cygdrive/d/Programming/Cygwin/bin/../lib/gcc/x86_64-pc-cygwin/7.4.0/../../.. --enable-auto-import CMakeFiles/cmTC_f08dd.dir/CMakeCCompilerABI.c.o --out-implib libcmTC_f08dd.dll.a --major-image-version 0 --minor-image-version 0 -lgcc_s -lgcc -lcygwin -ladvapi32 -lshell32 -luser32 -lkernel32 -lgcc_s -lgcc /cygdrive/d/Programming/Cygwin/bin/../lib/gcc/x86_64-pc-cygwin/7.4.0/../../../../lib/default-manifest.o /cygdrive/d/Programming/Cygwin/bin/../lib/gcc/x86_64-pc-cygwin/7.4.0/crtend.o]
    arg [/cygdrive/d/Programming/Cygwin/bin/../lib/gcc/x86_64-pc-cygwin/7.4.0/collect2.exe] ==> ignore
    arg [-plugin] ==> ignore
    arg [/cygdrive/d/Programming/Cygwin/bin/../lib/gcc/x86_64-pc-cygwin/7.4.0/cyglto_plugin.dll] ==> ignore
    arg [-plugin-opt=/cygdrive/d/Programming/Cygwin/bin/../lib/gcc/x86_64-pc-cygwin/7.4.0/lto-wrapper.exe] ==> ignore
    arg [-plugin-opt=-fresolution=/tmp/ccnQX3gT.res] ==> ignore
    arg [-plugin-opt=-pass-through=-lgcc_s] ==> ignore
    arg [-plugin-opt=-pass-through=-lgcc] ==> ignore
    arg [-plugin-opt=-pass-through=-lcygwin] ==> ignore
    arg [-plugin-opt=-pass-through=-ladvapi32] ==> ignore
    arg [-plugin-opt=-pass-through=-lshell32] ==> ignore
    arg [-plugin-opt=-pass-through=-luser32] ==> ignore
    arg [-plugin-opt=-pass-through=-lkernel32] ==> ignore
    arg [-plugin-opt=-pass-through=-lgcc_s] ==> ignore
    arg [-plugin-opt=-pass-through=-lgcc] ==> ignore
    arg [--build-id] ==> ignore
    arg [-m] ==> ignore
    arg [i386pep] ==> ignore
    arg [--wrap] ==> ignore
    arg [_Znwm] ==> ignore
    arg [--wrap] ==> ignore
    arg [_Znam] ==> ignore
    arg [--wrap] ==> ignore
    arg [_ZdlPv] ==> ignore
    arg [--wrap] ==> ignore
    arg [_ZdaPv] ==> ignore
    arg [--wrap] ==> ignore
    arg [_ZnwmRKSt9nothrow_t] ==> ignore
    arg [--wrap] ==> ignore
    arg [_ZnamRKSt9nothrow_t] ==> ignore
    arg [--wrap] ==> ignore
    arg [_ZdlPvRKSt9nothrow_t] ==> ignore
    arg [--wrap] ==> ignore
    arg [_ZdaPvRKSt9nothrow_t] ==> ignore
    arg [-Bdynamic] ==> ignore
    arg [--dll-search-prefix=cyg] ==> ignore
    arg [--tsaware] ==> ignore
    arg [-o] ==> ignore
    arg [cmTC_f08dd.exe] ==> ignore
    arg [/cygdrive/d/Programming/Cygwin/bin/../lib/gcc/x86_64-pc-cygwin/7.4.0/../../../../lib/crt0.o] ==> ignore
    arg [/cygdrive/d/Programming/Cygwin/bin/../lib/gcc/x86_64-pc-cygwin/7.4.0/crtbegin.o] ==> ignore
    arg [-L/cygdrive/d/Programming/Cygwin/bin/../lib/gcc/x86_64-pc-cygwin/7.4.0] ==> dir [/cygdrive/d/Programming/Cygwin/bin/../lib/gcc/x86_64-pc-cygwin/7.4.0]
    arg [-L/cygdrive/d/Programming/Cygwin/bin/../lib/gcc] ==> dir [/cygdrive/d/Programming/Cygwin/bin/../lib/gcc]
    arg [-L/cygdrive/d/Programming/Cygwin/bin/../lib/gcc/x86_64-pc-cygwin/7.4.0/../../../../lib] ==> dir [/cygdrive/d/Programming/Cygwin/bin/../lib/gcc/x86_64-pc-cygwin/7.4.0/../../../../lib]
    arg [-L/lib/../lib] ==> dir [/lib/../lib]
    arg [-L/usr/lib/../lib] ==> dir [/usr/lib/../lib]
    arg [-L/cygdrive/d/Programming/Cygwin/bin/../lib/gcc/x86_64-pc-cygwin/7.4.0/../../..] ==> dir [/cygdrive/d/Programming/Cygwin/bin/../lib/gcc/x86_64-pc-cygwin/7.4.0/../../..]
    arg [--enable-auto-import] ==> ignore
    arg [CMakeFiles/cmTC_f08dd.dir/CMakeCCompilerABI.c.o] ==> ignore
    arg [--out-implib] ==> ignore
    arg [libcmTC_f08dd.dll.a] ==> ignore
    arg [--major-image-version] ==> ignore
    arg [0] ==> ignore
    arg [--minor-image-version] ==> ignore
    arg [0] ==> ignore
    arg [-lgcc_s] ==> lib [gcc_s]
    arg [-lgcc] ==> lib [gcc]
    arg [-lcygwin] ==> lib [cygwin]
    arg [-ladvapi32] ==> lib [advapi32]
    arg [-lshell32] ==> lib [shell32]
    arg [-luser32] ==> lib [user32]
    arg [-lkernel32] ==> lib [kernel32]
    arg [-lgcc_s] ==> lib [gcc_s]
    arg [-lgcc] ==> lib [gcc]
    arg [/cygdrive/d/Programming/Cygwin/bin/../lib/gcc/x86_64-pc-cygwin/7.4.0/../../../../lib/default-manifest.o] ==> ignore
    arg [/cygdrive/d/Programming/Cygwin/bin/../lib/gcc/x86_64-pc-cygwin/7.4.0/crtend.o] ==> ignore
  collapse library dir [/cygdrive/d/Programming/Cygwin/bin/../lib/gcc/x86_64-pc-cygwin/7.4.0] ==> [/cygdrive/d/Programming/Cygwin/lib/gcc/x86_64-pc-cygwin/7.4.0]
  collapse library dir [/cygdrive/d/Programming/Cygwin/bin/../lib/gcc] ==> [/cygdrive/d/Programming/Cygwin/lib/gcc]
  collapse library dir [/cygdrive/d/Programming/Cygwin/bin/../lib/gcc/x86_64-pc-cygwin/7.4.0/../../../../lib] ==> [/cygdrive/d/Programming/Cygwin/lib]
  collapse library dir [/lib/../lib] ==> [/lib]
  collapse library dir [/usr/lib/../lib] ==> [/usr/lib]
  collapse library dir [/cygdrive/d/Programming/Cygwin/bin/../lib/gcc/x86_64-pc-cygwin/7.4.0/../../..] ==> [/cygdrive/d/Programming/Cygwin/lib]
  implicit libs: [gcc_s;gcc;cygwin;advapi32;shell32;user32;kernel32;gcc_s;gcc]
  implicit dirs: [/cygdrive/d/Programming/Cygwin/lib/gcc/x86_64-pc-cygwin/7.4.0;/cygdrive/d/Programming/Cygwin/lib/gcc;/cygdrive/d/Programming/Cygwin/lib;/lib;/usr/lib]
  implicit fwks: []




Detecting C [-std=c11] compiler features compiled with the following output:
Change Dir: /cygdrive/d/Programming/Clion_projects/antwars/cmake-build-debug/CMakeFiles/CMakeTmp

Run Build Command(s):/cygdrive/d/Programming/Cygwin/bin/make.exe cmTC_b7c20/fast 
/cygdrive/d/Programming/Cygwin/bin/make -f CMakeFiles/cmTC_b7c20.dir/build.make CMakeFiles/cmTC_b7c20.dir/build
make[1]: Entering directory '/cygdrive/d/Programming/Clion_projects/antwars/cmake-build-debug/CMakeFiles/CMakeTmp'
Building C object CMakeFiles/cmTC_b7c20.dir/feature_tests.c.o
/cygdrive/d/Programming/Cygwin/bin/cc   -std=c11 -o CMakeFiles/cmTC_b7c20.dir/feature_tests.c.o   -c /cygdrive/d/Programming/Clion_projects/antwars/cmake-build-debug/CMakeFiles/feature_tests.c
Linking C executable cmTC_b7c20.exe
/cygdrive/c/Users/matej/.CLion2019.1/system/cygwin_cmake/bin/cmake.exe -E cmake_link_script CMakeFiles/cmTC_b7c20.dir/link.txt --verbose=1
/cygdrive/d/Programming/Cygwin/bin/cc    -Wl,--enable-auto-import  CMakeFiles/cmTC_b7c20.dir/feature_tests.c.o  -o cmTC_b7c20.exe -Wl,--out-implib,libcmTC_b7c20.dll.a -Wl,--major-image-version,0,--minor-image-version,0 
make[1]: Leaving directory '/cygdrive/d/Programming/Clion_projects/antwars/cmake-build-debug/CMakeFiles/CMakeTmp'


    Feature record: C_FEATURE:1c_function_prototypes
    Feature record: C_FEATURE:1c_restrict
    Feature record: C_FEATURE:1c_static_assert
    Feature record: C_FEATURE:1c_variadic_macros


Detecting C [-std=c99] compiler features compiled with the following output:
Change Dir: /cygdrive/d/Programming/Clion_projects/antwars/cmake-build-debug/CMakeFiles/CMakeTmp

Run Build Command(s):/cygdrive/d/Programming/Cygwin/bin/make.exe cmTC_e29c0/fast 
/cygdrive/d/Programming/Cygwin/bin/make -f CMakeFiles/cmTC_e29c0.dir/build.make CMakeFiles/cmTC_e29c0.dir/build
make[1]: Entering directory '/cygdrive/d/Programming/Clion_projects/antwars/cmake-build-debug/CMakeFiles/CMakeTmp'
Building C object CMakeFiles/cmTC_e29c0.dir/feature_tests.c.o
/cygdrive/d/Programming/Cygwin/bin/cc   -std=c99 -o CMakeFiles/cmTC_e29c0.dir/feature_tests.c.o   -c /cygdrive/d/Programming/Clion_projects/antwars/cmake-build-debug/CMakeFiles/feature_tests.c
Linking C executable cmTC_e29c0.exe
/cygdrive/c/Users/matej/.CLion2019.1/system/cygwin_cmake/bin/cmake.exe -E cmake_link_script CMakeFiles/cmTC_e29c0.dir/link.txt --verbose=1
/cygdrive/d/Programming/Cygwin/bin/cc    -Wl,--enable-auto-import  CMakeFiles/cmTC_e29c0.dir/feature_tests.c.o  -o cmTC_e29c0.exe -Wl,--out-implib,libcmTC_e29c0.dll.a -Wl,--major-image-version,0,--minor-image-version,0 
make[1]: Leaving directory '/cygdrive/d/Programming/Clion_projects/antwars/cmake-build-debug/CMakeFiles/CMakeTmp'


    Feature record: C_FEATURE:1c_function_prototypes
    Feature record: C_FEATURE:1c_restrict
    Feature record: C_FEATURE:0c_static_assert
    Feature record: C_FEATURE:1c_variadic_macros


Detecting C [-std=c90] compiler features compiled with the following output:
Change Dir: /cygdrive/d/Programming/Clion_projects/antwars/cmake-build-debug/CMakeFiles/CMakeTmp

Run Build Command(s):/cygdrive/d/Programming/Cygwin/bin/make.exe cmTC_867d1/fast 
/cygdrive/d/Programming/Cygwin/bin/make -f CMakeFiles/cmTC_867d1.dir/build.make CMakeFiles/cmTC_867d1.dir/build
make[1]: Entering directory '/cygdrive/d/Programming/Clion_projects/antwars/cmake-build-debug/CMakeFiles/CMakeTmp'
Building C object CMakeFiles/cmTC_867d1.dir/feature_tests.c.o
/cygdrive/d/Programming/Cygwin/bin/cc   -std=c90 -o CMakeFiles/cmTC_867d1.dir/feature_tests.c.o   -c /cygdrive/d/Programming/Clion_projects/antwars/cmake-build-debug/CMakeFiles/feature_tests.c
Linking C executable cmTC_867d1.exe
/cygdrive/c/Users/matej/.CLion2019.1/system/cygwin_cmake/bin/cmake.exe -E cmake_link_script CMakeFiles/cmTC_867d1.dir/link.txt --verbose=1
/cygdrive/d/Programming/Cygwin/bin/cc    -Wl,--enable-auto-import  CMakeFiles/cmTC_867d1.dir/feature_tests.c.o  -o cmTC_867d1.exe -Wl,--out-implib,libcmTC_867d1.dll.a -Wl,--major-image-version,0,--minor-image-version,0 
make[1]: Leaving directory '/cygdrive/d/Programming/Clion_projects/antwars/cmake-build-debug/CMakeFiles/CMakeTmp'


    Feature record: C_FEATURE:1c_function_prototypes
    Feature record: C_FEATURE:0c_restrict
    Feature record: C_FEATURE:0c_static_assert
    Feature record: C_FEATURE:0c_variadic_macros
Determining if the CXX compiler works passed with the following output:
Change Dir: /cygdrive/d/Programming/Clion_projects/antwars/cmake-build-debug/CMakeFiles/CMakeTmp

Run Build Command(s):/cygdrive/d/Programming/Cygwin/bin/make.exe cmTC_dbcd0/fast 
/cygdrive/d/Programming/Cygwin/bin/make -f CMakeFiles/cmTC_dbcd0.dir/build.make CMakeFiles/cmTC_dbcd0.dir/build
make[1]: Entering directory '/cygdrive/d/Programming/Clion_projects/antwars/cmake-build-debug/CMakeFiles/CMakeTmp'
Building CXX object CMakeFiles/cmTC_dbcd0.dir/testCXXCompiler.cxx.o
/cygdrive/d/Programming/Cygwin/bin/c++.exe     -o CMakeFiles/cmTC_dbcd0.dir/testCXXCompiler.cxx.o -c /cygdrive/d/Programming/Clion_projects/antwars/cmake-build-debug/CMakeFiles/CMakeTmp/testCXXCompiler.cxx
Linking CXX executable cmTC_dbcd0.exe
/cygdrive/c/Users/matej/.CLion2019.1/system/cygwin_cmake/bin/cmake.exe -E cmake_link_script CMakeFiles/cmTC_dbcd0.dir/link.txt --verbose=1
/cygdrive/d/Programming/Cygwin/bin/c++.exe    -Wl,--enable-auto-import  CMakeFiles/cmTC_dbcd0.dir/testCXXCompiler.cxx.o  -o cmTC_dbcd0.exe -Wl,--out-implib,libcmTC_dbcd0.dll.a -Wl,--major-image-version,0,--minor-image-version,0 
make[1]: Leaving directory '/cygdrive/d/Programming/Clion_projects/antwars/cmake-build-debug/CMakeFiles/CMakeTmp'


Detecting CXX compiler ABI info compiled with the following output:
Change Dir: /cygdrive/d/Programming/Clion_projects/antwars/cmake-build-debug/CMakeFiles/CMakeTmp

Run Build Command(s):/cygdrive/d/Programming/Cygwin/bin/make.exe cmTC_8745a/fast 
/cygdrive/d/Programming/Cygwin/bin/make -f CMakeFiles/cmTC_8745a.dir/build.make CMakeFiles/cmTC_8745a.dir/build
make[1]: Entering directory '/cygdrive/d/Programming/Clion_projects/antwars/cmake-build-debug/CMakeFiles/CMakeTmp'
Building CXX object CMakeFiles/cmTC_8745a.dir/CMakeCXXCompilerABI.cpp.o
/cygdrive/d/Programming/Cygwin/bin/c++.exe    -v -o CMakeFiles/cmTC_8745a.dir/CMakeCXXCompilerABI.cpp.o -c /cygdrive/c/Users/matej/.CLion2019.1/system/cygwin_cmake/share/cmake-3.14.3/Modules/CMakeCXXCompilerABI.cpp
Using built-in specs.
COLLECT_GCC=/cygdrive/d/Programming/Cygwin/bin/c++
Target: x86_64-pc-cygwin
Configured with: /cygdrive/i/szsz/tmpp/gcc/gcc-7.4.0-1.x86_64/src/gcc-7.4.0/configure --srcdir=/cygdrive/i/szsz/tmpp/gcc/gcc-7.4.0-1.x86_64/src/gcc-7.4.0 --prefix=/usr --exec-prefix=/usr --localstatedir=/var --sysconfdir=/etc --docdir=/usr/share/doc/gcc --htmldir=/usr/share/doc/gcc/html -C --build=x86_64-pc-cygwin --host=x86_64-pc-cygwin --target=x86_64-pc-cygwin --without-libiconv-prefix --without-libintl-prefix --libexecdir=/usr/lib --enable-shared --enable-shared-libgcc --enable-static --enable-version-specific-runtime-libs --enable-bootstrap --enable-__cxa_atexit --with-dwarf2 --with-tune=generic --enable-languages=ada,c,c++,fortran,lto,objc,obj-c++ --enable-graphite --enable-threads=posix --enable-libatomic --enable-libcilkrts --enable-libgomp --enable-libitm --enable-libquadmath --enable-libquadmath-support --disable-libssp --enable-libada --disable-symvers --with-gnu-ld --with-gnu-as --with-cloog-include=/usr/include/cloog-isl --without-libiconv-prefix --without-libintl-prefix --with-system-zlib --enable-linker-build-id --with-default-libstdcxx-abi=gcc4-compatible --enable-libstdcxx-filesystem-ts
Thread model: posix
gcc version 7.4.0 (GCC) 
COLLECT_GCC_OPTIONS='-v' '-o' 'CMakeFiles/cmTC_8745a.dir/CMakeCXXCompilerABI.cpp.o' '-c' '-shared-libgcc' '-mtune=generic' '-march=x86-64'
 /cygdrive/d/Programming/Cygwin/bin/../lib/gcc/x86_64-pc-cygwin/7.4.0/cc1plus.exe -quiet -v -iprefix /cygdrive/d/Programming/Cygwin/bin/../lib/gcc/x86_64-pc-cygwin/7.4.0/ -idirafter /usr/lib/../lib/../include/w32api -idirafter ../../include/w32api /cygdrive/c/Users/matej/.CLion2019.1/system/cygwin_cmake/share/cmake-3.14.3/Modules/CMakeCXXCompilerABI.cpp -quiet -dumpbase CMakeCXXCompilerABI.cpp -mtune=generic -march=x86-64 -auxbase-strip CMakeFiles/cmTC_8745a.dir/CMakeCXXCompilerABI.cpp.o -version -o /tmp/cci8wV2v.s
GNU C++14 (GCC) version 7.4.0 (x86_64-pc-cygwin)
	compiled by GNU C version 7.4.0, GMP version 6.1.2, MPFR version 4.0.1-p11, MPC version 1.1.0, isl version isl-0.16.1-GMP

warning: MPFR header version 4.0.1-p11 differs from library version 4.0.2.
GGC heuristics: --param ggc-min-expand=100 --param ggc-min-heapsize=131072
ignoring nonexistent directory "/cygdrive/d/Programming/Cygwin/bin/../lib/gcc/x86_64-pc-cygwin/7.4.0/include-fixed"
ignoring nonexistent directory "/cygdrive/d/Programming/Cygwin/bin/../lib/gcc/x86_64-pc-cygwin/7.4.0/../../../../x86_64-pc-cygwin/include"
ignoring duplicate directory "/cygdrive/d/Programming/Cygwin/bin/../lib/gcc/../../lib/gcc/x86_64-pc-cygwin/7.4.0/include/c++"
ignoring duplicate directory "/cygdrive/d/Programming/Cygwin/bin/../lib/gcc/../../lib/gcc/x86_64-pc-cygwin/7.4.0/include/c++/x86_64-pc-cygwin"
ignoring duplicate directory "/cygdrive/d/Programming/Cygwin/bin/../lib/gcc/../../lib/gcc/x86_64-pc-cygwin/7.4.0/include/c++/backward"
ignoring duplicate directory "/cygdrive/d/Programming/Cygwin/bin/../lib/gcc/../../lib/gcc/x86_64-pc-cygwin/7.4.0/include"
ignoring nonexistent directory "/usr/local/include"
ignoring nonexistent directory "/cygdrive/d/Programming/Cygwin/bin/../lib/gcc/../../lib/gcc/x86_64-pc-cygwin/7.4.0/include-fixed"
ignoring nonexistent directory "/cygdrive/d/Programming/Cygwin/bin/../lib/gcc/../../lib/gcc/x86_64-pc-cygwin/7.4.0/../../../../x86_64-pc-cygwin/include"
ignoring nonexistent directory "../../include/w32api"
#include "..." search starts here:
#include <...> search starts here:
 /cygdrive/d/Programming/Cygwin/bin/../lib/gcc/x86_64-pc-cygwin/7.4.0/include/c++
 /cygdrive/d/Programming/Cygwin/bin/../lib/gcc/x86_64-pc-cygwin/7.4.0/include/c++/x86_64-pc-cygwin
 /cygdrive/d/Programming/Cygwin/bin/../lib/gcc/x86_64-pc-cygwin/7.4.0/include/c++/backward
 /cygdrive/d/Programming/Cygwin/bin/../lib/gcc/x86_64-pc-cygwin/7.4.0/include
 /usr/include
 /usr/lib/../lib/../include/w32api
End of search list.
GNU C++14 (GCC) version 7.4.0 (x86_64-pc-cygwin)
	compiled by GNU C version 7.4.0, GMP version 6.1.2, MPFR version 4.0.1-p11, MPC version 1.1.0, isl version isl-0.16.1-GMP

warning: MPFR header version 4.0.1-p11 differs from library version 4.0.2.
GGC heuristics: --param ggc-min-expand=100 --param ggc-min-heapsize=131072
Compiler executable checksum: fad625746d9e5a9fde6f0a54da0c00b5
COLLECT_GCC_OPTIONS='-v' '-o' 'CMakeFiles/cmTC_8745a.dir/CMakeCXXCompilerABI.cpp.o' '-c' '-shared-libgcc' '-mtune=generic' '-march=x86-64'
 as -v -o CMakeFiles/cmTC_8745a.dir/CMakeCXXCompilerABI.cpp.o /tmp/cci8wV2v.s
GNU assembler version 2.29.1 (x86_64-pc-cygwin) using BFD version (GNU Binutils) 2.29.1.20171006
COMPILER_PATH=/cygdrive/d/Programming/Cygwin/bin/../lib/gcc/x86_64-pc-cygwin/7.4.0/:/cygdrive/d/Programming/Cygwin/bin/../lib/gcc/
LIBRARY_PATH=/cygdrive/d/Programming/Cygwin/bin/../lib/gcc/x86_64-pc-cygwin/7.4.0/:/cygdrive/d/Programming/Cygwin/bin/../lib/gcc/:/cygdrive/d/Programming/Cygwin/bin/../lib/gcc/x86_64-pc-cygwin/7.4.0/../../../../lib/:/lib/../lib/:/usr/lib/../lib/:/cygdrive/d/Programming/Cygwin/bin/../lib/gcc/x86_64-pc-cygwin/7.4.0/../../../:/lib/:/usr/lib/
COLLECT_GCC_OPTIONS='-v' '-o' 'CMakeFiles/cmTC_8745a.dir/CMakeCXXCompilerABI.cpp.o' '-c' '-shared-libgcc' '-mtune=generic' '-march=x86-64'
Linking CXX executable cmTC_8745a.exe
/cygdrive/c/Users/matej/.CLion2019.1/system/cygwin_cmake/bin/cmake.exe -E cmake_link_script CMakeFiles/cmTC_8745a.dir/link.txt --verbose=1
/cygdrive/d/Programming/Cygwin/bin/c++.exe    -Wl,--enable-auto-import -v CMakeFiles/cmTC_8745a.dir/CMakeCXXCompilerABI.cpp.o  -o cmTC_8745a.exe -Wl,--out-implib,libcmTC_8745a.dll.a -Wl,--major-image-version,0,--minor-image-version,0 
Using built-in specs.
COLLECT_GCC=/cygdrive/d/Programming/Cygwin/bin/c++
COLLECT_LTO_WRAPPER=/cygdrive/d/Programming/Cygwin/bin/../lib/gcc/x86_64-pc-cygwin/7.4.0/lto-wrapper.exe
Target: x86_64-pc-cygwin
Configured with: /cygdrive/i/szsz/tmpp/gcc/gcc-7.4.0-1.x86_64/src/gcc-7.4.0/configure --srcdir=/cygdrive/i/szsz/tmpp/gcc/gcc-7.4.0-1.x86_64/src/gcc-7.4.0 --prefix=/usr --exec-prefix=/usr --localstatedir=/var --sysconfdir=/etc --docdir=/usr/share/doc/gcc --htmldir=/usr/share/doc/gcc/html -C --build=x86_64-pc-cygwin --host=x86_64-pc-cygwin --target=x86_64-pc-cygwin --without-libiconv-prefix --without-libintl-prefix --libexecdir=/usr/lib --enable-shared --enable-shared-libgcc --enable-static --enable-version-specific-runtime-libs --enable-bootstrap --enable-__cxa_atexit --with-dwarf2 --with-tune=generic --enable-languages=ada,c,c++,fortran,lto,objc,obj-c++ --enable-graphite --enable-threads=posix --enable-libatomic --enable-libcilkrts --enable-libgomp --enable-libitm --enable-libquadmath --enable-libquadmath-support --disable-libssp --enable-libada --disable-symvers --with-gnu-ld --with-gnu-as --with-cloog-include=/usr/include/cloog-isl --without-libiconv-prefix --without-libintl-prefix --with-system-zlib --enable-linker-build-id --with-default-libstdcxx-abi=gcc4-compatible --enable-libstdcxx-filesystem-ts
Thread model: posix
gcc version 7.4.0 (GCC) 
COMPILER_PATH=/cygdrive/d/Programming/Cygwin/bin/../lib/gcc/x86_64-pc-cygwin/7.4.0/:/cygdrive/d/Programming/Cygwin/bin/../lib/gcc/
LIBRARY_PATH=/cygdrive/d/Programming/Cygwin/bin/../lib/gcc/x86_64-pc-cygwin/7.4.0/:/cygdrive/d/Programming/Cygwin/bin/../lib/gcc/:/cygdrive/d/Programming/Cygwin/bin/../lib/gcc/x86_64-pc-cygwin/7.4.0/../../../../lib/:/lib/../lib/:/usr/lib/../lib/:/cygdrive/d/Programming/Cygwin/bin/../lib/gcc/x86_64-pc-cygwin/7.4.0/../../../:/lib/:/usr/lib/
COLLECT_GCC_OPTIONS='-v' '-o' 'cmTC_8745a.exe' '-shared-libgcc' '-mtune=generic' '-march=x86-64'
 /cygdrive/d/Programming/Cygwin/bin/../lib/gcc/x86_64-pc-cygwin/7.4.0/collect2.exe -plugin /cygdrive/d/Programming/Cygwin/bin/../lib/gcc/x86_64-pc-cygwin/7.4.0/cyglto_plugin.dll -plugin-opt=/cygdrive/d/Programming/Cygwin/bin/../lib/gcc/x86_64-pc-cygwin/7.4.0/lto-wrapper.exe -plugin-opt=-fresolution=/tmp/ccl0Q29G.res -plugin-opt=-pass-through=-lgcc_s -plugin-opt=-pass-through=-lgcc -plugin-opt=-pass-through=-lcygwin -plugin-opt=-pass-through=-ladvapi32 -plugin-opt=-pass-through=-lshell32 -plugin-opt=-pass-through=-luser32 -plugin-opt=-pass-through=-lkernel32 -plugin-opt=-pass-through=-lgcc_s -plugin-opt=-pass-through=-lgcc --build-id -m i386pep --wrap _Znwm --wrap _Znam --wrap _ZdlPv --wrap _ZdaPv --wrap _ZnwmRKSt9nothrow_t --wrap _ZnamRKSt9nothrow_t --wrap _ZdlPvRKSt9nothrow_t --wrap _ZdaPvRKSt9nothrow_t -Bdynamic --dll-search-prefix=cyg --tsaware -o cmTC_8745a.exe /cygdrive/d/Programming/Cygwin/bin/../lib/gcc/x86_64-pc-cygwin/7.4.0/../../../../lib/crt0.o /cygdrive/d/Programming/Cygwin/bin/../lib/gcc/x86_64-pc-cygwin/7.4.0/crtbegin.o -L/cygdrive/d/Programming/Cygwin/bin/../lib/gcc/x86_64-pc-cygwin/7.4.0 -L/cygdrive/d/Programming/Cygwin/bin/../lib/gcc -L/cygdrive/d/Programming/Cygwin/bin/../lib/gcc/x86_64-pc-cygwin/7.4.0/../../../../lib -L/lib/../lib -L/usr/lib/../lib -L/cygdrive/d/Programming/Cygwin/bin/../lib/gcc/x86_64-pc-cygwin/7.4.0/../../.. --enable-auto-import CMakeFiles/cmTC_8745a.dir/CMakeCXXCompilerABI.cpp.o --out-implib libcmTC_8745a.dll.a --major-image-version 0 --minor-image-version 0 -lstdc++ -lgcc_s -lgcc -lcygwin -ladvapi32 -lshell32 -luser32 -lkernel32 -lgcc_s -lgcc /cygdrive/d/Programming/Cygwin/bin/../lib/gcc/x86_64-pc-cygwin/7.4.0/../../../../lib/default-manifest.o /cygdrive/d/Programming/Cygwin/bin/../lib/gcc/x86_64-pc-cygwin/7.4.0/crtend.o
COLLECT_GCC_OPTIONS='-v' '-o' 'cmTC_8745a.exe' '-shared-libgcc' '-mtune=generic' '-march=x86-64'
make[1]: Leaving directory '/cygdrive/d/Programming/Clion_projects/antwars/cmake-build-debug/CMakeFiles/CMakeTmp'


Parsed CXX implicit include dir info from above output: rv=done
  found start of include info
  found start of implicit include info
    add: [/cygdrive/d/Programming/Cygwin/bin/../lib/gcc/x86_64-pc-cygwin/7.4.0/include/c++]
    add: [/cygdrive/d/Programming/Cygwin/bin/../lib/gcc/x86_64-pc-cygwin/7.4.0/include/c++/x86_64-pc-cygwin]
    add: [/cygdrive/d/Programming/Cygwin/bin/../lib/gcc/x86_64-pc-cygwin/7.4.0/include/c++/backward]
    add: [/cygdrive/d/Programming/Cygwin/bin/../lib/gcc/x86_64-pc-cygwin/7.4.0/include]
    add: [/usr/include]
    add: [/usr/lib/../lib/../include/w32api]
  end of search list found
  collapse include dir [/cygdrive/d/Programming/Cygwin/bin/../lib/gcc/x86_64-pc-cygwin/7.4.0/include/c++] ==> [/cygdrive/d/Programming/Cygwin/lib/gcc/x86_64-pc-cygwin/7.4.0/include/c++]
  collapse include dir [/cygdrive/d/Programming/Cygwin/bin/../lib/gcc/x86_64-pc-cygwin/7.4.0/include/c++/x86_64-pc-cygwin] ==> [/cygdrive/d/Programming/Cygwin/lib/gcc/x86_64-pc-cygwin/7.4.0/include/c++/x86_64-pc-cygwin]
  collapse include dir [/cygdrive/d/Programming/Cygwin/bin/../lib/gcc/x86_64-pc-cygwin/7.4.0/include/c++/backward] ==> [/cygdrive/d/Programming/Cygwin/lib/gcc/x86_64-pc-cygwin/7.4.0/include/c++/backward]
  collapse include dir [/cygdrive/d/Programming/Cygwin/bin/../lib/gcc/x86_64-pc-cygwin/7.4.0/include] ==> [/cygdrive/d/Programming/Cygwin/lib/gcc/x86_64-pc-cygwin/7.4.0/include]
  collapse include dir [/usr/include] ==> [/usr/include]
  collapse include dir [/usr/lib/../lib/../include/w32api] ==> [/usr/include/w32api]
  implicit include dirs: [/cygdrive/d/Programming/Cygwin/lib/gcc/x86_64-pc-cygwin/7.4.0/include/c++;/cygdrive/d/Programming/Cygwin/lib/gcc/x86_64-pc-cygwin/7.4.0/include/c++/x86_64-pc-cygwin;/cygdrive/d/Programming/Cygwin/lib/gcc/x86_64-pc-cygwin/7.4.0/include/c++/backward;/cygdrive/d/Programming/Cygwin/lib/gcc/x86_64-pc-cygwin/7.4.0/include;/usr/include;/usr/include/w32api]


Parsed CXX implicit link information from above output:
  link line regex: [^( *|.*[/\])(ld\.exe|CMAKE_LINK_STARTFILE-NOTFOUND|([^/\]+-)?ld|collect2)[^/\]*( |$)]
  ignore line: [Change Dir: /cygdrive/d/Programming/Clion_projects/antwars/cmake-build-debug/CMakeFiles/CMakeTmp]
  ignore line: []
  ignore line: [Run Build Command(s):/cygdrive/d/Programming/Cygwin/bin/make.exe cmTC_8745a/fast ]
  ignore line: [/cygdrive/d/Programming/Cygwin/bin/make -f CMakeFiles/cmTC_8745a.dir/build.make CMakeFiles/cmTC_8745a.dir/build]
  ignore line: [make[1]: Entering directory '/cygdrive/d/Programming/Clion_projects/antwars/cmake-build-debug/CMakeFiles/CMakeTmp']
  ignore line: [Building CXX object CMakeFiles/cmTC_8745a.dir/CMakeCXXCompilerABI.cpp.o]
  ignore line: [/cygdrive/d/Programming/Cygwin/bin/c++.exe    -v -o CMakeFiles/cmTC_8745a.dir/CMakeCXXCompilerABI.cpp.o -c /cygdrive/c/Users/matej/.CLion2019.1/system/cygwin_cmake/share/cmake-3.14.3/Modules/CMakeCXXCompilerABI.cpp]
  ignore line: [Using built-in specs.]
  ignore line: [COLLECT_GCC=/cygdrive/d/Programming/Cygwin/bin/c++]
  ignore line: [Target: x86_64-pc-cygwin]
  ignore line: [Configured with: /cygdrive/i/szsz/tmpp/gcc/gcc-7.4.0-1.x86_64/src/gcc-7.4.0/configure --srcdir=/cygdrive/i/szsz/tmpp/gcc/gcc-7.4.0-1.x86_64/src/gcc-7.4.0 --prefix=/usr --exec-prefix=/usr --localstatedir=/var --sysconfdir=/etc --docdir=/usr/share/doc/gcc --htmldir=/usr/share/doc/gcc/html -C --build=x86_64-pc-cygwin --host=x86_64-pc-cygwin --target=x86_64-pc-cygwin --without-libiconv-prefix --without-libintl-prefix --libexecdir=/usr/lib --enable-shared --enable-shared-libgcc --enable-static --enable-version-specific-runtime-libs --enable-bootstrap --enable-__cxa_atexit --with-dwarf2 --with-tune=generic --enable-languages=ada,c,c++,fortran,lto,objc,obj-c++ --enable-graphite --enable-threads=posix --enable-libatomic --enable-libcilkrts --enable-libgomp --enable-libitm --enable-libquadmath --enable-libquadmath-support --disable-libssp --enable-libada --disable-symvers --with-gnu-ld --with-gnu-as --with-cloog-include=/usr/include/cloog-isl --without-libiconv-prefix --without-libintl-prefix --with-system-zlib --enable-linker-build-id --with-default-libstdcxx-abi=gcc4-compatible --enable-libstdcxx-filesystem-ts]
  ignore line: [Thread model: posix]
  ignore line: [gcc version 7.4.0 (GCC) ]
  ignore line: [COLLECT_GCC_OPTIONS='-v' '-o' 'CMakeFiles/cmTC_8745a.dir/CMakeCXXCompilerABI.cpp.o' '-c' '-shared-libgcc' '-mtune=generic' '-march=x86-64']
  ignore line: [ /cygdrive/d/Programming/Cygwin/bin/../lib/gcc/x86_64-pc-cygwin/7.4.0/cc1plus.exe -quiet -v -iprefix /cygdrive/d/Programming/Cygwin/bin/../lib/gcc/x86_64-pc-cygwin/7.4.0/ -idirafter /usr/lib/../lib/../include/w32api -idirafter ../../include/w32api /cygdrive/c/Users/matej/.CLion2019.1/system/cygwin_cmake/share/cmake-3.14.3/Modules/CMakeCXXCompilerABI.cpp -quiet -dumpbase CMakeCXXCompilerABI.cpp -mtune=generic -march=x86-64 -auxbase-strip CMakeFiles/cmTC_8745a.dir/CMakeCXXCompilerABI.cpp.o -version -o /tmp/cci8wV2v.s]
  ignore line: [GNU C++14 (GCC) version 7.4.0 (x86_64-pc-cygwin)]
  ignore line: [	compiled by GNU C version 7.4.0, GMP version 6.1.2, MPFR version 4.0.1-p11, MPC version 1.1.0, isl version isl-0.16.1-GMP]
  ignore line: []
  ignore line: [warning: MPFR header version 4.0.1-p11 differs from library version 4.0.2.]
  ignore line: [GGC heuristics: --param ggc-min-expand=100 --param ggc-min-heapsize=131072]
  ignore line: [ignoring nonexistent directory "/cygdrive/d/Programming/Cygwin/bin/../lib/gcc/x86_64-pc-cygwin/7.4.0/include-fixed"]
  ignore line: [ignoring nonexistent directory "/cygdrive/d/Programming/Cygwin/bin/../lib/gcc/x86_64-pc-cygwin/7.4.0/../../../../x86_64-pc-cygwin/include"]
  ignore line: [ignoring duplicate directory "/cygdrive/d/Programming/Cygwin/bin/../lib/gcc/../../lib/gcc/x86_64-pc-cygwin/7.4.0/include/c++"]
  ignore line: [ignoring duplicate directory "/cygdrive/d/Programming/Cygwin/bin/../lib/gcc/../../lib/gcc/x86_64-pc-cygwin/7.4.0/include/c++/x86_64-pc-cygwin"]
  ignore line: [ignoring duplicate directory "/cygdrive/d/Programming/Cygwin/bin/../lib/gcc/../../lib/gcc/x86_64-pc-cygwin/7.4.0/include/c++/backward"]
  ignore line: [ignoring duplicate directory "/cygdrive/d/Programming/Cygwin/bin/../lib/gcc/../../lib/gcc/x86_64-pc-cygwin/7.4.0/include"]
  ignore line: [ignoring nonexistent directory "/usr/local/include"]
  ignore line: [ignoring nonexistent directory "/cygdrive/d/Programming/Cygwin/bin/../lib/gcc/../../lib/gcc/x86_64-pc-cygwin/7.4.0/include-fixed"]
  ignore line: [ignoring nonexistent directory "/cygdrive/d/Programming/Cygwin/bin/../lib/gcc/../../lib/gcc/x86_64-pc-cygwin/7.4.0/../../../../x86_64-pc-cygwin/include"]
  ignore line: [ignoring nonexistent directory "../../include/w32api"]
  ignore line: [#include "..." search starts here:]
  ignore line: [#include <...> search starts here:]
  ignore line: [ /cygdrive/d/Programming/Cygwin/bin/../lib/gcc/x86_64-pc-cygwin/7.4.0/include/c++]
  ignore line: [ /cygdrive/d/Programming/Cygwin/bin/../lib/gcc/x86_64-pc-cygwin/7.4.0/include/c++/x86_64-pc-cygwin]
  ignore line: [ /cygdrive/d/Programming/Cygwin/bin/../lib/gcc/x86_64-pc-cygwin/7.4.0/include/c++/backward]
  ignore line: [ /cygdrive/d/Programming/Cygwin/bin/../lib/gcc/x86_64-pc-cygwin/7.4.0/include]
  ignore line: [ /usr/include]
  ignore line: [ /usr/lib/../lib/../include/w32api]
  ignore line: [End of search list.]
  ignore line: [GNU C++14 (GCC) version 7.4.0 (x86_64-pc-cygwin)]
  ignore line: [	compiled by GNU C version 7.4.0, GMP version 6.1.2, MPFR version 4.0.1-p11, MPC version 1.1.0, isl version isl-0.16.1-GMP]
  ignore line: []
  ignore line: [warning: MPFR header version 4.0.1-p11 differs from library version 4.0.2.]
  ignore line: [GGC heuristics: --param ggc-min-expand=100 --param ggc-min-heapsize=131072]
  ignore line: [Compiler executable checksum: fad625746d9e5a9fde6f0a54da0c00b5]
  ignore line: [COLLECT_GCC_OPTIONS='-v' '-o' 'CMakeFiles/cmTC_8745a.dir/CMakeCXXCompilerABI.cpp.o' '-c' '-shared-libgcc' '-mtune=generic' '-march=x86-64']
  ignore line: [ as -v -o CMakeFiles/cmTC_8745a.dir/CMakeCXXCompilerABI.cpp.o /tmp/cci8wV2v.s]
  ignore line: [GNU assembler version 2.29.1 (x86_64-pc-cygwin) using BFD version (GNU Binutils) 2.29.1.20171006]
  ignore line: [COMPILER_PATH=/cygdrive/d/Programming/Cygwin/bin/../lib/gcc/x86_64-pc-cygwin/7.4.0/:/cygdrive/d/Programming/Cygwin/bin/../lib/gcc/]
  ignore line: [LIBRARY_PATH=/cygdrive/d/Programming/Cygwin/bin/../lib/gcc/x86_64-pc-cygwin/7.4.0/:/cygdrive/d/Programming/Cygwin/bin/../lib/gcc/:/cygdrive/d/Programming/Cygwin/bin/../lib/gcc/x86_64-pc-cygwin/7.4.0/../../../../lib/:/lib/../lib/:/usr/lib/../lib/:/cygdrive/d/Programming/Cygwin/bin/../lib/gcc/x86_64-pc-cygwin/7.4.0/../../../:/lib/:/usr/lib/]
  ignore line: [COLLECT_GCC_OPTIONS='-v' '-o' 'CMakeFiles/cmTC_8745a.dir/CMakeCXXCompilerABI.cpp.o' '-c' '-shared-libgcc' '-mtune=generic' '-march=x86-64']
  ignore line: [Linking CXX executable cmTC_8745a.exe]
  ignore line: [/cygdrive/c/Users/matej/.CLion2019.1/system/cygwin_cmake/bin/cmake.exe -E cmake_link_script CMakeFiles/cmTC_8745a.dir/link.txt --verbose=1]
  ignore line: [/cygdrive/d/Programming/Cygwin/bin/c++.exe    -Wl,--enable-auto-import -v CMakeFiles/cmTC_8745a.dir/CMakeCXXCompilerABI.cpp.o  -o cmTC_8745a.exe -Wl,--out-implib,libcmTC_8745a.dll.a -Wl,--major-image-version,0,--minor-image-version,0 ]
  ignore line: [Using built-in specs.]
  ignore line: [COLLECT_GCC=/cygdrive/d/Programming/Cygwin/bin/c++]
  ignore line: [COLLECT_LTO_WRAPPER=/cygdrive/d/Programming/Cygwin/bin/../lib/gcc/x86_64-pc-cygwin/7.4.0/lto-wrapper.exe]
  ignore line: [Target: x86_64-pc-cygwin]
  ignore line: [Configured with: /cygdrive/i/szsz/tmpp/gcc/gcc-7.4.0-1.x86_64/src/gcc-7.4.0/configure --srcdir=/cygdrive/i/szsz/tmpp/gcc/gcc-7.4.0-1.x86_64/src/gcc-7.4.0 --prefix=/usr --exec-prefix=/usr --localstatedir=/var --sysconfdir=/etc --docdir=/usr/share/doc/gcc --htmldir=/usr/share/doc/gcc/html -C --build=x86_64-pc-cygwin --host=x86_64-pc-cygwin --target=x86_64-pc-cygwin --without-libiconv-prefix --without-libintl-prefix --libexecdir=/usr/lib --enable-shared --enable-shared-libgcc --enable-static --enable-version-specific-runtime-libs --enable-bootstrap --enable-__cxa_atexit --with-dwarf2 --with-tune=generic --enable-languages=ada,c,c++,fortran,lto,objc,obj-c++ --enable-graphite --enable-threads=posix --enable-libatomic --enable-libcilkrts --enable-libgomp --enable-libitm --enable-libquadmath --enable-libquadmath-support --disable-libssp --enable-libada --disable-symvers --with-gnu-ld --with-gnu-as --with-cloog-include=/usr/include/cloog-isl --without-libiconv-prefix --without-libintl-prefix --with-system-zlib --enable-linker-build-id --with-default-libstdcxx-abi=gcc4-compatible --enable-libstdcxx-filesystem-ts]
  ignore line: [Thread model: posix]
  ignore line: [gcc version 7.4.0 (GCC) ]
  ignore line: [COMPILER_PATH=/cygdrive/d/Programming/Cygwin/bin/../lib/gcc/x86_64-pc-cygwin/7.4.0/:/cygdrive/d/Programming/Cygwin/bin/../lib/gcc/]
  ignore line: [LIBRARY_PATH=/cygdrive/d/Programming/Cygwin/bin/../lib/gcc/x86_64-pc-cygwin/7.4.0/:/cygdrive/d/Programming/Cygwin/bin/../lib/gcc/:/cygdrive/d/Programming/Cygwin/bin/../lib/gcc/x86_64-pc-cygwin/7.4.0/../../../../lib/:/lib/../lib/:/usr/lib/../lib/:/cygdrive/d/Programming/Cygwin/bin/../lib/gcc/x86_64-pc-cygwin/7.4.0/../../../:/lib/:/usr/lib/]
  ignore line: [COLLECT_GCC_OPTIONS='-v' '-o' 'cmTC_8745a.exe' '-shared-libgcc' '-mtune=generic' '-march=x86-64']
  link line: [ /cygdrive/d/Programming/Cygwin/bin/../lib/gcc/x86_64-pc-cygwin/7.4.0/collect2.exe -plugin /cygdrive/d/Programming/Cygwin/bin/../lib/gcc/x86_64-pc-cygwin/7.4.0/cyglto_plugin.dll -plugin-opt=/cygdrive/d/Programming/Cygwin/bin/../lib/gcc/x86_64-pc-cygwin/7.4.0/lto-wrapper.exe -plugin-opt=-fresolution=/tmp/ccl0Q29G.res -plugin-opt=-pass-through=-lgcc_s -plugin-opt=-pass-through=-lgcc -plugin-opt=-pass-through=-lcygwin -plugin-opt=-pass-through=-ladvapi32 -plugin-opt=-pass-through=-lshell32 -plugin-opt=-pass-through=-luser32 -plugin-opt=-pass-through=-lkernel32 -plugin-opt=-pass-through=-lgcc_s -plugin-opt=-pass-through=-lgcc --build-id -m i386pep --wrap _Znwm --wrap _Znam --wrap _ZdlPv --wrap _ZdaPv --wrap _ZnwmRKSt9nothrow_t --wrap _ZnamRKSt9nothrow_t --wrap _ZdlPvRKSt9nothrow_t --wrap _ZdaPvRKSt9nothrow_t -Bdynamic --dll-search-prefix=cyg --tsaware -o cmTC_8745a.exe /cygdrive/d/Programming/Cygwin/bin/../lib/gcc/x86_64-pc-cygwin/7.4.0/../../../../lib/crt0.o /cygdrive/d/Programming/Cygwin/bin/../lib/gcc/x86_64-pc-cygwin/7.4.0/crtbegin.o -L/cygdrive/d/Programming/Cygwin/bin/../lib/gcc/x86_64-pc-cygwin/7.4.0 -L/cygdrive/d/Programming/Cygwin/bin/../lib/gcc -L/cygdrive/d/Programming/Cygwin/bin/../lib/gcc/x86_64-pc-cygwin/7.4.0/../../../../lib -L/lib/../lib -L/usr/lib/../lib -L/cygdrive/d/Programming/Cygwin/bin/../lib/gcc/x86_64-pc-cygwin/7.4.0/../../.. --enable-auto-import CMakeFiles/cmTC_8745a.dir/CMakeCXXCompilerABI.cpp.o --out-implib libcmTC_8745a.dll.a --major-image-version 0 --minor-image-version 0 -lstdc++ -lgcc_s -lgcc -lcygwin -ladvapi32 -lshell32 -luser32 -lkernel32 -lgcc_s -lgcc /cygdrive/d/Programming/Cygwin/bin/../lib/gcc/x86_64-pc-cygwin/7.4.0/../../../../lib/default-manifest.o /cygdrive/d/Programming/Cygwin/bin/../lib/gcc/x86_64-pc-cygwin/7.4.0/crtend.o]
    arg [/cygdrive/d/Programming/Cygwin/bin/../lib/gcc/x86_64-pc-cygwin/7.4.0/collect2.exe] ==> ignore
    arg [-plugin] ==> ignore
    arg [/cygdrive/d/Programming/Cygwin/bin/../lib/gcc/x86_64-pc-cygwin/7.4.0/cyglto_plugin.dll] ==> ignore
    arg [-plugin-opt=/cygdrive/d/Programming/Cygwin/bin/../lib/gcc/x86_64-pc-cygwin/7.4.0/lto-wrapper.exe] ==> ignore
    arg [-plugin-opt=-fresolution=/tmp/ccl0Q29G.res] ==> ignore
    arg [-plugin-opt=-pass-through=-lgcc_s] ==> ignore
    arg [-plugin-opt=-pass-through=-lgcc] ==> ignore
    arg [-plugin-opt=-pass-through=-lcygwin] ==> ignore
    arg [-plugin-opt=-pass-through=-ladvapi32] ==> ignore
    arg [-plugin-opt=-pass-through=-lshell32] ==> ignore
    arg [-plugin-opt=-pass-through=-luser32] ==> ignore
    arg [-plugin-opt=-pass-through=-lkernel32] ==> ignore
    arg [-plugin-opt=-pass-through=-lgcc_s] ==> ignore
    arg [-plugin-opt=-pass-through=-lgcc] ==> ignore
    arg [--build-id] ==> ignore
    arg [-m] ==> ignore
    arg [i386pep] ==> ignore
    arg [--wrap] ==> ignore
    arg [_Znwm] ==> ignore
    arg [--wrap] ==> ignore
    arg [_Znam] ==> ignore
    arg [--wrap] ==> ignore
    arg [_ZdlPv] ==> ignore
    arg [--wrap] ==> ignore
    arg [_ZdaPv] ==> ignore
    arg [--wrap] ==> ignore
    arg [_ZnwmRKSt9nothrow_t] ==> ignore
    arg [--wrap] ==> ignore
    arg [_ZnamRKSt9nothrow_t] ==> ignore
    arg [--wrap] ==> ignore
    arg [_ZdlPvRKSt9nothrow_t] ==> ignore
    arg [--wrap] ==> ignore
    arg [_ZdaPvRKSt9nothrow_t] ==> ignore
    arg [-Bdynamic] ==> ignore
    arg [--dll-search-prefix=cyg] ==> ignore
    arg [--tsaware] ==> ignore
    arg [-o] ==> ignore
    arg [cmTC_8745a.exe] ==> ignore
    arg [/cygdrive/d/Programming/Cygwin/bin/../lib/gcc/x86_64-pc-cygwin/7.4.0/../../../../lib/crt0.o] ==> ignore
    arg [/cygdrive/d/Programming/Cygwin/bin/../lib/gcc/x86_64-pc-cygwin/7.4.0/crtbegin.o] ==> ignore
    arg [-L/cygdrive/d/Programming/Cygwin/bin/../lib/gcc/x86_64-pc-cygwin/7.4.0] ==> dir [/cygdrive/d/Programming/Cygwin/bin/../lib/gcc/x86_64-pc-cygwin/7.4.0]
    arg [-L/cygdrive/d/Programming/Cygwin/bin/../lib/gcc] ==> dir [/cygdrive/d/Programming/Cygwin/bin/../lib/gcc]
    arg [-L/cygdrive/d/Programming/Cygwin/bin/../lib/gcc/x86_64-pc-cygwin/7.4.0/../../../../lib] ==> dir [/cygdrive/d/Programming/Cygwin/bin/../lib/gcc/x86_64-pc-cygwin/7.4.0/../../../../lib]
    arg [-L/lib/../lib] ==> dir [/lib/../lib]
    arg [-L/usr/lib/../lib] ==> dir [/usr/lib/../lib]
    arg [-L/cygdrive/d/Programming/Cygwin/bin/../lib/gcc/x86_64-pc-cygwin/7.4.0/../../..] ==> dir [/cygdrive/d/Programming/Cygwin/bin/../lib/gcc/x86_64-pc-cygwin/7.4.0/../../..]
    arg [--enable-auto-import] ==> ignore
    arg [CMakeFiles/cmTC_8745a.dir/CMakeCXXCompilerABI.cpp.o] ==> ignore
    arg [--out-implib] ==> ignore
    arg [libcmTC_8745a.dll.a] ==> ignore
    arg [--major-image-version] ==> ignore
    arg [0] ==> ignore
    arg [--minor-image-version] ==> ignore
    arg [0] ==> ignore
    arg [-lstdc++] ==> lib [stdc++]
    arg [-lgcc_s] ==> lib [gcc_s]
    arg [-lgcc] ==> lib [gcc]
    arg [-lcygwin] ==> lib [cygwin]
    arg [-ladvapi32] ==> lib [advapi32]
    arg [-lshell32] ==> lib [shell32]
    arg [-luser32] ==> lib [user32]
    arg [-lkernel32] ==> lib [kernel32]
    arg [-lgcc_s] ==> lib [gcc_s]
    arg [-lgcc] ==> lib [gcc]
    arg [/cygdrive/d/Programming/Cygwin/bin/../lib/gcc/x86_64-pc-cygwin/7.4.0/../../../../lib/default-manifest.o] ==> ignore
    arg [/cygdrive/d/Programming/Cygwin/bin/../lib/gcc/x86_64-pc-cygwin/7.4.0/crtend.o] ==> ignore
  collapse library dir [/cygdrive/d/Programming/Cygwin/bin/../lib/gcc/x86_64-pc-cygwin/7.4.0] ==> [/cygdrive/d/Programming/Cygwin/lib/gcc/x86_64-pc-cygwin/7.4.0]
  collapse library dir [/cygdrive/d/Programming/Cygwin/bin/../lib/gcc] ==> [/cygdrive/d/Programming/Cygwin/lib/gcc]
  collapse library dir [/cygdrive/d/Programming/Cygwin/bin/../lib/gcc/x86_64-pc-cygwin/7.4.0/../../../../lib] ==> [/cygdrive/d/Programming/Cygwin/lib]
  collapse library dir [/lib/../lib] ==> [/lib]
  collapse library dir [/usr/lib/../lib] ==> [/usr/lib]
  collapse library dir [/cygdrive/d/Programming/Cygwin/bin/../lib/gcc/x86_64-pc-cygwin/7.4.0/../../..] ==> [/cygdrive/d/Programming/Cygwin/lib]
  implicit libs: [stdc++;gcc_s;gcc;cygwin;advapi32;shell32;user32;kernel32;gcc_s;gcc]
  implicit dirs: [/cygdrive/d/Programming/Cygwin/lib/gcc/x86_64-pc-cygwin/7.4.0;/cygdrive/d/Programming/Cygwin/lib/gcc;/cygdrive/d/Programming/Cygwin/lib;/lib;/usr/lib]
  implicit fwks: []




Detecting CXX [-std=c++1z] compiler features compiled with the following output:
Change Dir: /cygdrive/d/Programming/Clion_projects/antwars/cmake-build-debug/CMakeFiles/CMakeTmp

Run Build Command(s):/cygdrive/d/Programming/Cygwin/bin/make.exe cmTC_09d66/fast 
/cygdrive/d/Programming/Cygwin/bin/make -f CMakeFiles/cmTC_09d66.dir/build.make CMakeFiles/cmTC_09d66.dir/build
make[1]: Entering directory '/cygdrive/d/Programming/Clion_projects/antwars/cmake-build-debug/CMakeFiles/CMakeTmp'
Building CXX object CMakeFiles/cmTC_09d66.dir/feature_tests.cxx.o
/cygdrive/d/Programming/Cygwin/bin/c++.exe    -std=c++1z -o CMakeFiles/cmTC_09d66.dir/feature_tests.cxx.o -c /cygdrive/d/Programming/Clion_projects/antwars/cmake-build-debug/CMakeFiles/feature_tests.cxx
Linking CXX executable cmTC_09d66.exe
/cygdrive/c/Users/matej/.CLion2019.1/system/cygwin_cmake/bin/cmake.exe -E cmake_link_script CMakeFiles/cmTC_09d66.dir/link.txt --verbose=1
/cygdrive/d/Programming/Cygwin/bin/c++.exe    -Wl,--enable-auto-import  CMakeFiles/cmTC_09d66.dir/feature_tests.cxx.o  -o cmTC_09d66.exe -Wl,--out-implib,libcmTC_09d66.dll.a -Wl,--major-image-version,0,--minor-image-version,0 
make[1]: Leaving directory '/cygdrive/d/Programming/Clion_projects/antwars/cmake-build-debug/CMakeFiles/CMakeTmp'


    Feature record: CXX_FEATURE:1cxx_aggregate_default_initializers
    Feature record: CXX_FEATURE:1cxx_alias_templates
    Feature record: CXX_FEATURE:1cxx_alignas
    Feature record: CXX_FEATURE:1cxx_alignof
    Feature record: CXX_FEATURE:1cxx_attributes
    Feature record: CXX_FEATURE:1cxx_attribute_deprecated
    Feature record: CXX_FEATURE:1cxx_auto_type
    Feature record: CXX_FEATURE:1cxx_binary_literals
    Feature record: CXX_FEATURE:1cxx_constexpr
    Feature record: CXX_FEATURE:1cxx_contextual_conversions
    Feature record: CXX_FEATURE:1cxx_decltype
    Feature record: CXX_FEATURE:1cxx_decltype_auto
    Feature record: CXX_FEATURE:1cxx_decltype_incomplete_return_types
    Feature record: CXX_FEATURE:1cxx_default_function_template_args
    Feature record: CXX_FEATURE:1cxx_defaulted_functions
    Feature record: CXX_FEATURE:1cxx_defaulted_move_initializers
    Feature record: CXX_FEATURE:1cxx_delegating_constructors
    Feature record: CXX_FEATURE:1cxx_deleted_functions
    Feature record: CXX_FEATURE:1cxx_digit_separators
    Feature record: CXX_FEATURE:1cxx_enum_forward_declarations
    Feature record: CXX_FEATURE:1cxx_explicit_conversions
    Feature record: CXX_FEATURE:1cxx_extended_friend_declarations
    Feature record: CXX_FEATURE:1cxx_extern_templates
    Feature record: CXX_FEATURE:1cxx_final
    Feature record: CXX_FEATURE:1cxx_func_identifier
    Feature record: CXX_FEATURE:1cxx_generalized_initializers
    Feature record: CXX_FEATURE:1cxx_generic_lambdas
    Feature record: CXX_FEATURE:1cxx_inheriting_constructors
    Feature record: CXX_FEATURE:1cxx_inline_namespaces
    Feature record: CXX_FEATURE:1cxx_lambdas
    Feature record: CXX_FEATURE:1cxx_lambda_init_captures
    Feature record: CXX_FEATURE:1cxx_local_type_template_args
    Feature record: CXX_FEATURE:1cxx_long_long_type
    Feature record: CXX_FEATURE:1cxx_noexcept
    Feature record: CXX_FEATURE:1cxx_nonstatic_member_init
    Feature record: CXX_FEATURE:1cxx_nullptr
    Feature record: CXX_FEATURE:1cxx_override
    Feature record: CXX_FEATURE:1cxx_range_for
    Feature record: CXX_FEATURE:1cxx_raw_string_literals
    Feature record: CXX_FEATURE:1cxx_reference_qualified_functions
    Feature record: CXX_FEATURE:1cxx_relaxed_constexpr
    Feature record: CXX_FEATURE:1cxx_return_type_deduction
    Feature record: CXX_FEATURE:1cxx_right_angle_brackets
    Feature record: CXX_FEATURE:1cxx_rvalue_references
    Feature record: CXX_FEATURE:1cxx_sizeof_member
    Feature record: CXX_FEATURE:1cxx_static_assert
    Feature record: CXX_FEATURE:1cxx_strong_enums
    Feature record: CXX_FEATURE:1cxx_template_template_parameters
    Feature record: CXX_FEATURE:1cxx_thread_local
    Feature record: CXX_FEATURE:1cxx_trailing_return_types
    Feature record: CXX_FEATURE:1cxx_unicode_literals
    Feature record: CXX_FEATURE:1cxx_uniform_initialization
    Feature record: CXX_FEATURE:1cxx_unrestricted_unions
    Feature record: CXX_FEATURE:1cxx_user_literals
    Feature record: CXX_FEATURE:1cxx_variable_templates
    Feature record: CXX_FEATURE:1cxx_variadic_macros
    Feature record: CXX_FEATURE:1cxx_variadic_templates


Detecting CXX [-std=c++14] compiler features compiled with the following output:
Change Dir: /cygdrive/d/Programming/Clion_projects/antwars/cmake-build-debug/CMakeFiles/CMakeTmp

Run Build Command(s):/cygdrive/d/Programming/Cygwin/bin/make.exe cmTC_4ecb4/fast 
/cygdrive/d/Programming/Cygwin/bin/make -f CMakeFiles/cmTC_4ecb4.dir/build.make CMakeFiles/cmTC_4ecb4.dir/build
make[1]: Entering directory '/cygdrive/d/Programming/Clion_projects/antwars/cmake-build-debug/CMakeFiles/CMakeTmp'
Building CXX object CMakeFiles/cmTC_4ecb4.dir/feature_tests.cxx.o
/cygdrive/d/Programming/Cygwin/bin/c++.exe    -std=c++14 -o CMakeFiles/cmTC_4ecb4.dir/feature_tests.cxx.o -c /cygdrive/d/Programming/Clion_projects/antwars/cmake-build-debug/CMakeFiles/feature_tests.cxx
Linking CXX executable cmTC_4ecb4.exe
/cygdrive/c/Users/matej/.CLion2019.1/system/cygwin_cmake/bin/cmake.exe -E cmake_link_script CMakeFiles/cmTC_4ecb4.dir/link.txt --verbose=1
/cygdrive/d/Programming/Cygwin/bin/c++.exe    -Wl,--enable-auto-import  CMakeFiles/cmTC_4ecb4.dir/feature_tests.cxx.o  -o cmTC_4ecb4.exe -Wl,--out-implib,libcmTC_4ecb4.dll.a -Wl,--major-image-version,0,--minor-image-version,0 
make[1]: Leaving directory '/cygdrive/d/Programming/Clion_projects/antwars/cmake-build-debug/CMakeFiles/CMakeTmp'


    Feature record: CXX_FEATURE:1cxx_aggregate_default_initializers
    Feature record: CXX_FEATURE:1cxx_alias_templates
    Feature record: CXX_FEATURE:1cxx_alignas
    Feature record: CXX_FEATURE:1cxx_alignof
    Feature record: CXX_FEATURE:1cxx_attributes
    Feature record: CXX_FEATURE:1cxx_attribute_deprecated
    Feature record: CXX_FEATURE:1cxx_auto_type
    Feature record: CXX_FEATURE:1cxx_binary_literals
    Feature record: CXX_FEATURE:1cxx_constexpr
    Feature record: CXX_FEATURE:1cxx_contextual_conversions
    Feature record: CXX_FEATURE:1cxx_decltype
    Feature record: CXX_FEATURE:1cxx_decltype_auto
    Feature record: CXX_FEATURE:1cxx_decltype_incomplete_return_types
    Feature record: CXX_FEATURE:1cxx_default_function_template_args
    Feature record: CXX_FEATURE:1cxx_defaulted_functions
    Feature record: CXX_FEATURE:1cxx_defaulted_move_initializers
    Feature record: CXX_FEATURE:1cxx_delegating_constructors
    Feature record: CXX_FEATURE:1cxx_deleted_functions
    Feature record: CXX_FEATURE:1cxx_digit_separators
    Feature record: CXX_FEATURE:1cxx_enum_forward_declarations
    Feature record: CXX_FEATURE:1cxx_explicit_conversions
    Feature record: CXX_FEATURE:1cxx_extended_friend_declarations
    Feature record: CXX_FEATURE:1cxx_extern_templates
    Feature record: CXX_FEATURE:1cxx_final
    Feature record: CXX_FEATURE:1cxx_func_identifier
    Feature record: CXX_FEATURE:1cxx_generalized_initializers
    Feature record: CXX_FEATURE:1cxx_generic_lambdas
    Feature record: CXX_FEATURE:1cxx_inheriting_constructors
    Feature record: CXX_FEATURE:1cxx_inline_namespaces
    Feature record: CXX_FEATURE:1cxx_lambdas
    Feature record: CXX_FEATURE:1cxx_lambda_init_captures
    Feature record: CXX_FEATURE:1cxx_local_type_template_args
    Feature record: CXX_FEATURE:1cxx_long_long_type
    Feature record: CXX_FEATURE:1cxx_noexcept
    Feature record: CXX_FEATURE:1cxx_nonstatic_member_init
    Feature record: CXX_FEATURE:1cxx_nullptr
    Feature record: CXX_FEATURE:1cxx_override
    Feature record: CXX_FEATURE:1cxx_range_for
    Feature record: CXX_FEATURE:1cxx_raw_string_literals
    Feature record: CXX_FEATURE:1cxx_reference_qualified_functions
    Feature record: CXX_FEATURE:1cxx_relaxed_constexpr
    Feature record: CXX_FEATURE:1cxx_return_type_deduction
    Feature record: CXX_FEATURE:1cxx_right_angle_brackets
    Feature record: CXX_FEATURE:1cxx_rvalue_references
    Feature record: CXX_FEATURE:1cxx_sizeof_member
    Feature record: CXX_FEATURE:1cxx_static_assert
    Feature record: CXX_FEATURE:1cxx_strong_enums
    Feature record: CXX_FEATURE:1cxx_template_template_parameters
    Feature record: CXX_FEATURE:1cxx_thread_local
    Feature record: CXX_FEATURE:1cxx_trailing_return_types
    Feature record: CXX_FEATURE:1cxx_unicode_literals
    Feature record: CXX_FEATURE:1cxx_uniform_initialization
    Feature record: CXX_FEATURE:1cxx_unrestricted_unions
    Feature record: CXX_FEATURE:1cxx_user_literals
    Feature record: CXX_FEATURE:1cxx_variable_templates
    Feature record: CXX_FEATURE:1cxx_variadic_macros
    Feature record: CXX_FEATURE:1cxx_variadic_templates


Detecting CXX [-std=c++11] compiler features compiled with the following output:
Change Dir: /cygdrive/d/Programming/Clion_projects/antwars/cmake-build-debug/CMakeFiles/CMakeTmp

Run Build Command(s):/cygdrive/d/Programming/Cygwin/bin/make.exe cmTC_e6e8e/fast 
/cygdrive/d/Programming/Cygwin/bin/make -f CMakeFiles/cmTC_e6e8e.dir/build.make CMakeFiles/cmTC_e6e8e.dir/build
make[1]: Entering directory '/cygdrive/d/Programming/Clion_projects/antwars/cmake-build-debug/CMakeFiles/CMakeTmp'
Building CXX object CMakeFiles/cmTC_e6e8e.dir/feature_tests.cxx.o
/cygdrive/d/Programming/Cygwin/bin/c++.exe    -std=c++11 -o CMakeFiles/cmTC_e6e8e.dir/feature_tests.cxx.o -c /cygdrive/d/Programming/Clion_projects/antwars/cmake-build-debug/CMakeFiles/feature_tests.cxx
Linking CXX executable cmTC_e6e8e.exe
/cygdrive/c/Users/matej/.CLion2019.1/system/cygwin_cmake/bin/cmake.exe -E cmake_link_script CMakeFiles/cmTC_e6e8e.dir/link.txt --verbose=1
/cygdrive/d/Programming/Cygwin/bin/c++.exe    -Wl,--enable-auto-import  CMakeFiles/cmTC_e6e8e.dir/feature_tests.cxx.o  -o cmTC_e6e8e.exe -Wl,--out-implib,libcmTC_e6e8e.dll.a -Wl,--major-image-version,0,--minor-image-version,0 
make[1]: Leaving directory '/cygdrive/d/Programming/Clion_projects/antwars/cmake-build-debug/CMakeFiles/CMakeTmp'


    Feature record: CXX_FEATURE:0cxx_aggregate_default_initializers
    Feature record: CXX_FEATURE:1cxx_alias_templates
    Feature record: CXX_FEATURE:1cxx_alignas
    Feature record: CXX_FEATURE:1cxx_alignof
    Feature record: CXX_FEATURE:1cxx_attributes
    Feature record: CXX_FEATURE:0cxx_attribute_deprecated
    Feature record: CXX_FEATURE:1cxx_auto_type
    Feature record: CXX_FEATURE:0cxx_binary_literals
    Feature record: CXX_FEATURE:1cxx_constexpr
    Feature record: CXX_FEATURE:0cxx_contextual_conversions
    Feature record: CXX_FEATURE:1cxx_decltype
    Feature record: CXX_FEATURE:0cxx_decltype_auto
    Feature record: CXX_FEATURE:1cxx_decltype_incomplete_return_types
    Feature record: CXX_FEATURE:1cxx_default_function_template_args
    Feature record: CXX_FEATURE:1cxx_defaulted_functions
    Feature record: CXX_FEATURE:1cxx_defaulted_move_initializers
    Feature record: CXX_FEATURE:1cxx_delegating_constructors
    Feature record: CXX_FEATURE:1cxx_deleted_functions
    Feature record: CXX_FEATURE:0cxx_digit_separators
    Feature record: CXX_FEATURE:1cxx_enum_forward_declarations
    Feature record: CXX_FEATURE:1cxx_explicit_conversions
    Feature record: CXX_FEATURE:1cxx_extended_friend_declarations
    Feature record: CXX_FEATURE:1cxx_extern_templates
    Feature record: CXX_FEATURE:1cxx_final
    Feature record: CXX_FEATURE:1cxx_func_identifier
    Feature record: CXX_FEATURE:1cxx_generalized_initializers
    Feature record: CXX_FEATURE:0cxx_generic_lambdas
    Feature record: CXX_FEATURE:1cxx_inheriting_constructors
    Feature record: CXX_FEATURE:1cxx_inline_namespaces
    Feature record: CXX_FEATURE:1cxx_lambdas
    Feature record: CXX_FEATURE:0cxx_lambda_init_captures
    Feature record: CXX_FEATURE:1cxx_local_type_template_args
    Feature record: CXX_FEATURE:1cxx_long_long_type
    Feature record: CXX_FEATURE:1cxx_noexcept
    Feature record: CXX_FEATURE:1cxx_nonstatic_member_init
    Feature record: CXX_FEATURE:1cxx_nullptr
    Feature record: CXX_FEATURE:1cxx_override
    Feature record: CXX_FEATURE:1cxx_range_for
    Feature record: CXX_FEATURE:1cxx_raw_string_literals
    Feature record: CXX_FEATURE:1cxx_reference_qualified_functions
    Feature record: CXX_FEATURE:0cxx_relaxed_constexpr
    Feature record: CXX_FEATURE:0cxx_return_type_deduction
    Feature record: CXX_FEATURE:1cxx_right_angle_brackets
    Feature record: CXX_FEATURE:1cxx_rvalue_references
    Feature record: CXX_FEATURE:1cxx_sizeof_member
    Feature record: CXX_FEATURE:1cxx_static_assert
    Feature record: CXX_FEATURE:1cxx_strong_enums
    Feature record: CXX_FEATURE:1cxx_template_template_parameters
    Feature record: CXX_FEATURE:1cxx_thread_local
    Feature record: CXX_FEATURE:1cxx_trailing_return_types
    Feature record: CXX_FEATURE:1cxx_unicode_literals
    Feature record: CXX_FEATURE:1cxx_uniform_initialization
    Feature record: CXX_FEATURE:1cxx_unrestricted_unions
    Feature record: CXX_FEATURE:1cxx_user_literals
    Feature record: CXX_FEATURE:0cxx_variable_templates
    Feature record: CXX_FEATURE:1cxx_variadic_macros
    Feature record: CXX_FEATURE:1cxx_variadic_templates


Detecting CXX [-std=c++98] compiler features compiled with the following output:
Change Dir: /cygdrive/d/Programming/Clion_projects/antwars/cmake-build-debug/CMakeFiles/CMakeTmp

Run Build Command(s):/cygdrive/d/Programming/Cygwin/bin/make.exe cmTC_ec510/fast 
/cygdrive/d/Programming/Cygwin/bin/make -f CMakeFiles/cmTC_ec510.dir/build.make CMakeFiles/cmTC_ec510.dir/build
make[1]: Entering directory '/cygdrive/d/Programming/Clion_projects/antwars/cmake-build-debug/CMakeFiles/CMakeTmp'
Building CXX object CMakeFiles/cmTC_ec510.dir/feature_tests.cxx.o
/cygdrive/d/Programming/Cygwin/bin/c++.exe    -std=c++98 -o CMakeFiles/cmTC_ec510.dir/feature_tests.cxx.o -c /cygdrive/d/Programming/Clion_projects/antwars/cmake-build-debug/CMakeFiles/feature_tests.cxx
Linking CXX executable cmTC_ec510.exe
/cygdrive/c/Users/matej/.CLion2019.1/system/cygwin_cmake/bin/cmake.exe -E cmake_link_script CMakeFiles/cmTC_ec510.dir/link.txt --verbose=1
/cygdrive/d/Programming/Cygwin/bin/c++.exe    -Wl,--enable-auto-import  CMakeFiles/cmTC_ec510.dir/feature_tests.cxx.o  -o cmTC_ec510.exe -Wl,--out-implib,libcmTC_ec510.dll.a -Wl,--major-image-version,0,--minor-image-version,0 
make[1]: Leaving directory '/cygdrive/d/Programming/Clion_projects/antwars/cmake-build-debug/CMakeFiles/CMakeTmp'


    Feature record: CXX_FEATURE:0cxx_aggregate_default_initializers
    Feature record: CXX_FEATURE:0cxx_alias_templates
    Feature record: CXX_FEATURE:0cxx_alignas
    Feature record: CXX_FEATURE:0cxx_alignof
    Feature record: CXX_FEATURE:0cxx_attributes
    Feature record: CXX_FEATURE:0cxx_attribute_deprecated
    Feature record: CXX_FEATURE:0cxx_auto_type
    Feature record: CXX_FEATURE:0cxx_binary_literals
    Feature record: CXX_FEATURE:0cxx_constexpr
    Feature record: CXX_FEATURE:0cxx_contextual_conversions
    Feature record: CXX_FEATURE:0cxx_decltype
    Feature record: CXX_FEATURE:0cxx_decltype_auto
    Feature record: CXX_FEATURE:0cxx_decltype_incomplete_return_types
    Feature record: CXX_FEATURE:0cxx_default_function_template_args
    Feature record: CXX_FEATURE:0cxx_defaulted_functions
    Feature record: CXX_FEATURE:0cxx_defaulted_move_initializers
    Feature record: CXX_FEATURE:0cxx_delegating_constructors
    Feature record: CXX_FEATURE:0cxx_deleted_functions
    Feature record: CXX_FEATURE:0cxx_digit_separators
    Feature record: CXX_FEATURE:0cxx_enum_forward_declarations
    Feature record: CXX_FEATURE:0cxx_explicit_conversions
    Feature record: CXX_FEATURE:0cxx_extended_friend_declarations
    Feature record: CXX_FEATURE:0cxx_extern_templates
    Feature record: CXX_FEATURE:0cxx_final
    Feature record: CXX_FEATURE:0cxx_func_identifier
    Feature record: CXX_FEATURE:0cxx_generalized_initializers
    Feature record: CXX_FEATURE:0cxx_generic_lambdas
    Feature record: CXX_FEATURE:0cxx_inheriting_constructors
    Feature record: CXX_FEATURE:0cxx_inline_namespaces
    Feature record: CXX_FEATURE:0cxx_lambdas
    Feature record: CXX_FEATURE:0cxx_lambda_init_captures
    Feature record: CXX_FEATURE:0cxx_local_type_template_args
    Feature record: CXX_FEATURE:0cxx_long_long_type
    Feature record: CXX_FEATURE:0cxx_noexcept
    Feature record: CXX_FEATURE:0cxx_nonstatic_member_init
    Feature record: CXX_FEATURE:0cxx_nullptr
    Feature record: CXX_FEATURE:0cxx_override
    Feature record: CXX_FEATURE:0cxx_range_for
    Feature record: CXX_FEATURE:0cxx_raw_string_literals
    Feature record: CXX_FEATURE:0cxx_reference_qualified_functions
    Feature record: CXX_FEATURE:0cxx_relaxed_constexpr
    Feature record: CXX_FEATURE:0cxx_return_type_deduction
    Feature record: CXX_FEATURE:0cxx_right_angle_brackets
    Feature record: CXX_FEATURE:0cxx_rvalue_references
    Feature record: CXX_FEATURE:0cxx_sizeof_member
    Feature record: CXX_FEATURE:0cxx_static_assert
    Feature record: CXX_FEATURE:0cxx_strong_enums
    Feature record: CXX_FEATURE:1cxx_template_template_parameters
    Feature record: CXX_FEATURE:0cxx_thread_local
    Feature record: CXX_FEATURE:0cxx_trailing_return_types
    Feature record: CXX_FEATURE:0cxx_unicode_literals
    Feature record: CXX_FEATURE:0cxx_uniform_initialization
    Feature record: CXX_FEATURE:0cxx_unrestricted_unions
    Feature record: CXX_FEATURE:0cxx_user_literals
    Feature record: CXX_FEATURE:0cxx_variable_templates
    Feature record: CXX_FEATURE:0cxx_variadic_macros
    Feature record: CXX_FEATURE:0cxx_variadic_templates
